{"D:\\Workspace\\npm-library\\ac-storage\\src\\data\\test.ts": {"path":"D:\\Workspace\\npm-library\\ac-storage\\src\\data\\test.ts","statementMap":{"0":{"start":{"line":1,"column":0},"end":{"line":1,"column":24}},"1":{"start":{"line":3,"column":13},"end":{"line":3,"column":65}}},"fnMap":{},"branchMap":{},"s":{"0":1,"1":1},"f":{},"b":{}}
,"D:\\Workspace\\npm-library\\ac-storage\\src\\errors\\AccessorManagerError.ts": {"path":"D:\\Workspace\\npm-library\\ac-storage\\src\\errors\\AccessorManagerError.ts","statementMap":{"0":{"start":{"line":3,"column":8},"end":{"line":3,"column":23}},"1":{"start":{"line":4,"column":8},"end":{"line":4,"column":43}},"2":{"start":{"line":8,"column":0},"end":{"line":8,"column":36}}},"fnMap":{"0":{"name":"(anonymous_0)","decl":{"start":{"line":2,"column":4},"end":{"line":2,"column":16}},"loc":{"start":{"line":2,"column":23},"end":{"line":5,"column":5}}}},"branchMap":{},"s":{"0":0,"1":0,"2":1},"f":{"0":0},"b":{}}
,"D:\\Workspace\\npm-library\\ac-storage\\src\\errors\\index.ts": {"path":"D:\\Workspace\\npm-library\\ac-storage\\src\\errors\\index.ts","statementMap":{"0":{"start":{"line":1,"column":0},"end":{"line":1,"column":9}},"1":{"start":{"line":1,"column":9},"end":{"line":1,"column":40}}},"fnMap":{"0":{"name":"(anonymous_0)","decl":{"start":{"line":1,"column":9},"end":{"line":1,"column":16}},"loc":{"start":{"line":1,"column":9},"end":{"line":1,"column":40}}}},"branchMap":{},"s":{"0":1,"1":1},"f":{"0":0},"b":{}}
,"D:\\Workspace\\npm-library\\ac-storage\\src\\features\\StorageAccess\\StorageAccess.ts": {"path":"D:\\Workspace\\npm-library\\ac-storage\\src\\features\\StorageAccess\\StorageAccess.ts","statementMap":{"0":{"start":{"line":3,"column":0},"end":{"line":3,"column":48}},"1":{"start":{"line":6,"column":38},"end":{"line":6,"column":77}},"2":{"start":{"line":7,"column":35},"end":{"line":7,"column":70}},"3":{"start":{"line":8,"column":37},"end":{"line":8,"column":75}},"4":{"start":{"line":10,"column":8},"end":{"line":10,"column":56}},"5":{"start":{"line":13,"column":8},"end":{"line":13,"column":57}},"6":{"start":{"line":16,"column":8},"end":{"line":16,"column":89}},"7":{"start":{"line":16,"column":74},"end":{"line":16,"column":84}},"8":{"start":{"line":20,"column":0},"end":{"line":20,"column":29}}},"fnMap":{"0":{"name":"(anonymous_0)","decl":{"start":{"line":6,"column":4},"end":{"line":6,"column":10}},"loc":{"start":{"line":6,"column":18},"end":{"line":6,"column":78}}},"1":{"name":"(anonymous_1)","decl":{"start":{"line":7,"column":4},"end":{"line":7,"column":10}},"loc":{"start":{"line":7,"column":15},"end":{"line":7,"column":71}}},"2":{"name":"(anonymous_2)","decl":{"start":{"line":8,"column":4},"end":{"line":8,"column":10}},"loc":{"start":{"line":8,"column":17},"end":{"line":8,"column":76}}},"3":{"name":"(anonymous_3)","decl":{"start":{"line":9,"column":4},"end":{"line":9,"column":10}},"loc":{"start":{"line":9,"column":35},"end":{"line":11,"column":5}}},"4":{"name":"(anonymous_4)","decl":{"start":{"line":12,"column":4},"end":{"line":12,"column":10}},"loc":{"start":{"line":12,"column":42},"end":{"line":14,"column":5}}},"5":{"name":"(anonymous_5)","decl":{"start":{"line":15,"column":4},"end":{"line":15,"column":10}},"loc":{"start":{"line":15,"column":45},"end":{"line":17,"column":5}}},"6":{"name":"(anonymous_6)","decl":{"start":{"line":16,"column":68},"end":{"line":16,"column":72}},"loc":{"start":{"line":16,"column":74},"end":{"line":16,"column":84}}}},"branchMap":{},"s":{"0":1,"1":0,"2":0,"3":0,"4":1,"5":0,"6":0,"7":0,"8":1},"f":{"0":0,"1":0,"2":0,"3":1,"4":0,"5":0,"6":0},"b":{}}
,"D:\\Workspace\\npm-library\\ac-storage\\src\\features\\StorageAccess\\index.ts": {"path":"D:\\Workspace\\npm-library\\ac-storage\\src\\features\\StorageAccess\\index.ts","statementMap":{"0":{"start":{"line":1,"column":0},"end":{"line":1,"column":44}},"1":{"start":{"line":4,"column":0},"end":{"line":4,"column":29}}},"fnMap":{},"branchMap":{},"s":{"0":1,"1":1},"f":{},"b":{}}
,"D:\\Workspace\\npm-library\\ac-storage\\src\\features\\StorageAccessControl\\StorageAccessControl.ts": {"path":"D:\\Workspace\\npm-library\\ac-storage\\src\\features\\StorageAccessControl\\StorageAccessControl.ts","statementMap":{"0":{"start":{"line":3,"column":0},"end":{"line":3,"column":41}},"1":{"start":{"line":7,"column":0},"end":{"line":7,"column":132}},"2":{"start":{"line":11,"column":26},"end":{"line":11,"column":28}},"3":{"start":{"line":15,"column":8},"end":{"line":15,"column":30}},"4":{"start":{"line":16,"column":8},"end":{"line":16,"column":88}},"5":{"start":{"line":20,"column":8},"end":{"line":20,"column":29}},"6":{"start":{"line":21,"column":8},"end":{"line":21,"column":90}},"7":{"start":{"line":25,"column":23},"end":{"line":25,"column":86}},"8":{"start":{"line":26,"column":23},"end":{"line":26,"column":86}},"9":{"start":{"line":28,"column":8},"end":{"line":30,"column":9}},"10":{"start":{"line":29,"column":12},"end":{"line":29,"column":113}},"11":{"start":{"line":32,"column":8},"end":{"line":32,"column":34}},"12":{"start":{"line":36,"column":23},"end":{"line":36,"column":86}},"13":{"start":{"line":37,"column":23},"end":{"line":37,"column":86}},"14":{"start":{"line":39,"column":8},"end":{"line":41,"column":9}},"15":{"start":{"line":40,"column":12},"end":{"line":40,"column":113}},"16":{"start":{"line":43,"column":8},"end":{"line":43,"column":34}},"17":{"start":{"line":47,"column":20},"end":{"line":47,"column":74}},"18":{"start":{"line":49,"column":8},"end":{"line":49,"column":28}},"19":{"start":{"line":53,"column":23},"end":{"line":53,"column":83}},"20":{"start":{"line":54,"column":8},"end":{"line":56,"column":9}},"21":{"start":{"line":55,"column":12},"end":{"line":55,"column":77}},"22":{"start":{"line":57,"column":8},"end":{"line":59,"column":9}},"23":{"start":{"line":58,"column":12},"end":{"line":58,"column":76}},"24":{"start":{"line":61,"column":31},"end":{"line":61,"column":98}},"25":{"start":{"line":64,"column":24},"end":{"line":64,"column":45}},"26":{"start":{"line":65,"column":23},"end":{"line":65,"column":41}},"27":{"start":{"line":67,"column":22},"end":{"line":67,"column":24}},"28":{"start":{"line":68,"column":18},"end":{"line":68,"column":20}},"29":{"start":{"line":69,"column":23},"end":{"line":72,"column":9}},"30":{"start":{"line":70,"column":12},"end":{"line":70,"column":26}},"31":{"start":{"line":71,"column":12},"end":{"line":71,"column":53}},"32":{"start":{"line":73,"column":32},"end":{"line":75,"column":9}},"33":{"start":{"line":74,"column":12},"end":{"line":74,"column":57}},"34":{"start":{"line":76,"column":22},"end":{"line":76,"column":35}},"35":{"start":{"line":77,"column":8},"end":{"line":86,"column":9}},"36":{"start":{"line":77,"column":21},"end":{"line":77,"column":22}},"37":{"start":{"line":78,"column":12},"end":{"line":78,"column":31}},"38":{"start":{"line":79,"column":12},"end":{"line":79,"column":60}},"39":{"start":{"line":81,"column":12},"end":{"line":84,"column":15}},"40":{"start":{"line":85,"column":12},"end":{"line":85,"column":30}},"41":{"start":{"line":87,"column":8},"end":{"line":87,"column":34}},"42":{"start":{"line":89,"column":19},"end":{"line":89,"column":67}},"43":{"start":{"line":90,"column":8},"end":{"line":90,"column":26}},"44":{"start":{"line":92,"column":8},"end":{"line":92,"column":18}},"45":{"start":{"line":96,"column":23},"end":{"line":96,"column":55}},"46":{"start":{"line":97,"column":8},"end":{"line":99,"column":9}},"47":{"start":{"line":98,"column":12},"end":{"line":98,"column":77}},"48":{"start":{"line":101,"column":8},"end":{"line":103,"column":9}},"49":{"start":{"line":102,"column":12},"end":{"line":102,"column":78}},"50":{"start":{"line":104,"column":8},"end":{"line":104,"column":49}},"51":{"start":{"line":108,"column":8},"end":{"line":108,"column":47}},"52":{"start":{"line":110,"column":8},"end":{"line":110,"column":49}},"53":{"start":{"line":114,"column":22},"end":{"line":120,"column":9}},"54":{"start":{"line":115,"column":12},"end":{"line":119,"column":null}},"55":{"start":{"line":121,"column":37},"end":{"line":121,"column":96}},"56":{"start":{"line":123,"column":8},"end":{"line":136,"column":9}},"57":{"start":{"line":124,"column":12},"end":{"line":124,"column":22}},"58":{"start":{"line":126,"column":13},"end":{"line":136,"column":9}},"59":{"start":{"line":127,"column":12},"end":{"line":127,"column":33}},"60":{"start":{"line":130,"column":12},"end":{"line":135,"column":13}},"61":{"start":{"line":131,"column":16},"end":{"line":131,"column":60}},"62":{"start":{"line":131,"column":49},"end":{"line":131,"column":58}},"63":{"start":{"line":134,"column":16},"end":{"line":134,"column":39}},"64":{"start":{"line":140,"column":23},"end":{"line":140,"column":83}},"65":{"start":{"line":141,"column":8},"end":{"line":143,"column":9}},"66":{"start":{"line":142,"column":12},"end":{"line":142,"column":76}},"67":{"start":{"line":147,"column":25},"end":{"line":147,"column":69}},"68":{"start":{"line":148,"column":8},"end":{"line":150,"column":9}},"69":{"start":{"line":149,"column":12},"end":{"line":149,"column":101}},"70":{"start":{"line":151,"column":8},"end":{"line":151,"column":24}},"71":{"start":{"line":160,"column":8},"end":{"line":187,"column":9}},"72":{"start":{"line":161,"column":12},"end":{"line":164,"column":null}},"73":{"start":{"line":166,"column":13},"end":{"line":187,"column":9}},"74":{"start":{"line":167,"column":12},"end":{"line":175,"column":13}},"75":{"start":{"line":168,"column":16},"end":{"line":168,"column":30}},"76":{"start":{"line":170,"column":17},"end":{"line":175,"column":13}},"77":{"start":{"line":171,"column":16},"end":{"line":171,"column":30}},"78":{"start":{"line":174,"column":16},"end":{"line":174,"column":28}},"79":{"start":{"line":178,"column":12},"end":{"line":185,"column":13}},"80":{"start":{"line":179,"column":16},"end":{"line":184,"column":17}},"81":{"start":{"line":180,"column":20},"end":{"line":180,"column":30}},"82":{"start":{"line":182,"column":21},"end":{"line":184,"column":17}},"83":{"start":{"line":183,"column":20},"end":{"line":183,"column":30}},"84":{"start":{"line":186,"column":12},"end":{"line":186,"column":24}},"85":{"start":{"line":189,"column":8},"end":{"line":189,"column":20}},"86":{"start":{"line":192,"column":8},"end":{"line":192,"column":41}},"87":{"start":{"line":196,"column":0},"end":{"line":196,"column":36}}},"fnMap":{"0":{"name":"(anonymous_0)","decl":{"start":{"line":14,"column":4},"end":{"line":14,"column":16}},"loc":{"start":{"line":14,"column":48},"end":{"line":17,"column":5}}},"1":{"name":"(anonymous_1)","decl":{"start":{"line":19,"column":4},"end":{"line":19,"column":12}},"loc":{"start":{"line":19,"column":28},"end":{"line":22,"column":5}}},"2":{"name":"(anonymous_2)","decl":{"start":{"line":24,"column":4},"end":{"line":24,"column":9}},"loc":{"start":{"line":24,"column":76},"end":{"line":33,"column":5}}},"3":{"name":"(anonymous_3)","decl":{"start":{"line":35,"column":4},"end":{"line":35,"column":9}},"loc":{"start":{"line":35,"column":76},"end":{"line":44,"column":5}}},"4":{"name":"(anonymous_4)","decl":{"start":{"line":46,"column":4},"end":{"line":46,"column":9}},"loc":{"start":{"line":46,"column":53},"end":{"line":50,"column":5}}},"5":{"name":"(anonymous_5)","decl":{"start":{"line":69,"column":23},"end":{"line":69,"column":24}},"loc":{"start":{"line":69,"column":37},"end":{"line":72,"column":9}}},"6":{"name":"(anonymous_6)","decl":{"start":{"line":73,"column":32},"end":{"line":73,"column":35}},"loc":{"start":{"line":73,"column":37},"end":{"line":75,"column":9}}},"7":{"name":"(anonymous_7)","decl":{"start":{"line":95,"column":4},"end":{"line":95,"column":9}},"loc":{"start":{"line":95,"column":35},"end":{"line":105,"column":5}}},"8":{"name":"(anonymous_8)","decl":{"start":{"line":107,"column":4},"end":{"line":107,"column":9}},"loc":{"start":{"line":107,"column":38},"end":{"line":111,"column":5}}},"9":{"name":"(anonymous_9)","decl":{"start":{"line":113,"column":4},"end":{"line":113,"column":17}},"loc":{"start":{"line":113,"column":35},"end":{"line":137,"column":5}}},"10":{"name":"(anonymous_10)","decl":{"start":{"line":114,"column":22},"end":{"line":114,"column":23}},"loc":{"start":{"line":114,"column":49},"end":{"line":120,"column":9}}},"11":{"name":"(anonymous_11)","decl":{"start":{"line":131,"column":43},"end":{"line":131,"column":44}},"loc":{"start":{"line":131,"column":49},"end":{"line":131,"column":58}}},"12":{"name":"(anonymous_12)","decl":{"start":{"line":139,"column":4},"end":{"line":139,"column":25}},"loc":{"start":{"line":139,"column":43},"end":{"line":144,"column":5}}},"13":{"name":"(anonymous_13)","decl":{"start":{"line":146,"column":12},"end":{"line":146,"column":36}},"loc":{"start":{"line":146,"column":96},"end":{"line":152,"column":5}}},"14":{"name":"(anonymous_14)","decl":{"start":{"line":159,"column":12},"end":{"line":159,"column":25}},"loc":{"start":{"line":159,"column":66},"end":{"line":190,"column":5}}},"15":{"name":"(anonymous_15)","decl":{"start":{"line":191,"column":12},"end":{"line":191,"column":34}},"loc":{"start":{"line":191,"column":50},"end":{"line":193,"column":5}}}},"branchMap":{"0":{"loc":{"start":{"line":28,"column":8},"end":{"line":30,"column":9}},"type":"if","locations":[{"start":{"line":28,"column":8},"end":{"line":30,"column":9}}]},"1":{"loc":{"start":{"line":39,"column":8},"end":{"line":41,"column":9}},"type":"if","locations":[{"start":{"line":39,"column":8},"end":{"line":41,"column":9}}]},"2":{"loc":{"start":{"line":52,"column":68},"end":{"line":52,"column":96}},"type":"default-arg","locations":[{"start":{"line":52,"column":91},"end":{"line":52,"column":96}}]},"3":{"loc":{"start":{"line":54,"column":8},"end":{"line":56,"column":9}},"type":"if","locations":[{"start":{"line":54,"column":8},"end":{"line":56,"column":9}}]},"4":{"loc":{"start":{"line":57,"column":8},"end":{"line":59,"column":9}},"type":"if","locations":[{"start":{"line":57,"column":8},"end":{"line":59,"column":9}}]},"5":{"loc":{"start":{"line":57,"column":12},"end":{"line":57,"column":72}},"type":"binary-expr","locations":[{"start":{"line":57,"column":12},"end":{"line":57,"column":27}},{"start":{"line":57,"column":31},"end":{"line":57,"column":72}}]},"6":{"loc":{"start":{"line":71,"column":19},"end":{"line":71,"column":51}},"type":"cond-expr","locations":[{"start":{"line":71,"column":32},"end":{"line":71,"column":34}},{"start":{"line":71,"column":37},"end":{"line":71,"column":51}}]},"7":{"loc":{"start":{"line":97,"column":8},"end":{"line":99,"column":9}},"type":"if","locations":[{"start":{"line":97,"column":8},"end":{"line":99,"column":9}}]},"8":{"loc":{"start":{"line":101,"column":8},"end":{"line":103,"column":9}},"type":"if","locations":[{"start":{"line":101,"column":8},"end":{"line":103,"column":9}}]},"9":{"loc":{"start":{"line":116,"column":16},"end":{"line":118,"column":35}},"type":"cond-expr","locations":[{"start":{"line":117,"column":18},"end":{"line":117,"column":27}},{"start":{"line":118,"column":18},"end":{"line":118,"column":35}}]},"10":{"loc":{"start":{"line":123,"column":8},"end":{"line":136,"column":9}},"type":"if","locations":[{"start":{"line":123,"column":8},"end":{"line":136,"column":9}},{"start":{"line":126,"column":13},"end":{"line":136,"column":9}}]},"11":{"loc":{"start":{"line":126,"column":13},"end":{"line":136,"column":9}},"type":"if","locations":[{"start":{"line":126,"column":13},"end":{"line":136,"column":9}},{"start":{"line":129,"column":13},"end":{"line":136,"column":9}}]},"12":{"loc":{"start":{"line":130,"column":12},"end":{"line":135,"column":13}},"type":"if","locations":[{"start":{"line":130,"column":12},"end":{"line":135,"column":13}},{"start":{"line":133,"column":17},"end":{"line":135,"column":13}}]},"13":{"loc":{"start":{"line":141,"column":8},"end":{"line":143,"column":9}},"type":"if","locations":[{"start":{"line":141,"column":8},"end":{"line":143,"column":9}}]},"14":{"loc":{"start":{"line":141,"column":12},"end":{"line":141,"column":65}},"type":"binary-expr","locations":[{"start":{"line":141,"column":12},"end":{"line":141,"column":19}},{"start":{"line":141,"column":23},"end":{"line":141,"column":65}}]},"15":{"loc":{"start":{"line":148,"column":8},"end":{"line":150,"column":9}},"type":"if","locations":[{"start":{"line":148,"column":8},"end":{"line":150,"column":9}}]},"16":{"loc":{"start":{"line":160,"column":8},"end":{"line":187,"column":9}},"type":"if","locations":[{"start":{"line":160,"column":8},"end":{"line":187,"column":9}},{"start":{"line":166,"column":13},"end":{"line":187,"column":9}}]},"17":{"loc":{"start":{"line":166,"column":13},"end":{"line":187,"column":9}},"type":"if","locations":[{"start":{"line":166,"column":13},"end":{"line":187,"column":9}},{"start":{"line":177,"column":13},"end":{"line":187,"column":9}}]},"18":{"loc":{"start":{"line":167,"column":12},"end":{"line":175,"column":13}},"type":"if","locations":[{"start":{"line":167,"column":12},"end":{"line":175,"column":13}},{"start":{"line":170,"column":17},"end":{"line":175,"column":13}}]},"19":{"loc":{"start":{"line":170,"column":17},"end":{"line":175,"column":13}},"type":"if","locations":[{"start":{"line":170,"column":17},"end":{"line":175,"column":13}},{"start":{"line":173,"column":17},"end":{"line":175,"column":13}}]},"20":{"loc":{"start":{"line":170,"column":21},"end":{"line":170,"column":85}},"type":"binary-expr","locations":[{"start":{"line":170,"column":21},"end":{"line":170,"column":51}},{"start":{"line":170,"column":55},"end":{"line":170,"column":85}}]},"21":{"loc":{"start":{"line":179,"column":16},"end":{"line":184,"column":17}},"type":"if","locations":[{"start":{"line":179,"column":16},"end":{"line":184,"column":17}},{"start":{"line":182,"column":21},"end":{"line":184,"column":17}}]},"22":{"loc":{"start":{"line":182,"column":21},"end":{"line":184,"column":17}},"type":"if","locations":[{"start":{"line":182,"column":21},"end":{"line":184,"column":17}}]},"23":{"loc":{"start":{"line":182,"column":25},"end":{"line":182,"column":81}},"type":"binary-expr","locations":[{"start":{"line":182,"column":25},"end":{"line":182,"column":51}},{"start":{"line":182,"column":55},"end":{"line":182,"column":81}}]}},"s":{"0":1,"1":1,"2":1,"3":1,"4":1,"5":1,"6":1,"7":0,"8":0,"9":0,"10":0,"11":0,"12":1,"13":1,"14":1,"15":0,"16":1,"17":1,"18":1,"19":3,"20":3,"21":0,"22":3,"23":0,"24":3,"25":3,"26":3,"27":3,"28":3,"29":3,"30":3,"31":3,"32":3,"33":3,"34":3,"35":3,"36":3,"37":0,"38":0,"39":0,"40":0,"41":3,"42":3,"43":3,"44":3,"45":0,"46":0,"47":0,"48":0,"49":0,"50":0,"51":1,"52":1,"53":0,"54":0,"55":0,"56":0,"57":0,"58":0,"59":0,"60":0,"61":0,"62":0,"63":0,"64":1,"65":1,"66":0,"67":3,"68":3,"69":0,"70":3,"71":3,"72":0,"73":3,"74":3,"75":3,"76":0,"77":0,"78":0,"79":0,"80":0,"81":0,"82":0,"83":0,"84":0,"85":0,"86":2,"87":1},"f":{"0":1,"1":1,"2":0,"3":1,"4":1,"5":3,"6":3,"7":0,"8":1,"9":0,"10":0,"11":0,"12":1,"13":3,"14":3,"15":2},"b":{"0":[0],"1":[0],"2":[1],"3":[0],"4":[0],"5":[3,1],"6":[3,0],"7":[0],"8":[0],"9":[0,0],"10":[0,0],"11":[0,0],"12":[0,0],"13":[0],"14":[1,1],"15":[0],"16":[0,3],"17":[3,0],"18":[3,0],"19":[0,0],"20":[0,0],"21":[0,0],"22":[0],"23":[0,0]}}
,"D:\\Workspace\\npm-library\\ac-storage\\src\\features\\StorageAccessControl\\errors.ts": {"path":"D:\\Workspace\\npm-library\\ac-storage\\src\\features\\StorageAccessControl\\errors.ts","statementMap":{"0":{"start":{"line":1,"column":0},"end":{"line":1,"column":49}},"1":{"start":{"line":5,"column":8},"end":{"line":5,"column":23}},"2":{"start":{"line":6,"column":8},"end":{"line":6,"column":41}},"3":{"start":{"line":3,"column":0},"end":{"line":3,"column":13}},"4":{"start":{"line":12,"column":8},"end":{"line":12,"column":23}},"5":{"start":{"line":13,"column":8},"end":{"line":13,"column":41}},"6":{"start":{"line":10,"column":0},"end":{"line":10,"column":13}},"7":{"start":{"line":19,"column":8},"end":{"line":19,"column":23}},"8":{"start":{"line":20,"column":8},"end":{"line":20,"column":40}},"9":{"start":{"line":17,"column":0},"end":{"line":17,"column":13}},"10":{"start":{"line":26,"column":8},"end":{"line":26,"column":23}},"11":{"start":{"line":27,"column":8},"end":{"line":27,"column":43}},"12":{"start":{"line":24,"column":0},"end":{"line":24,"column":13}},"13":{"start":{"line":33,"column":8},"end":{"line":33,"column":23}},"14":{"start":{"line":34,"column":8},"end":{"line":34,"column":40}},"15":{"start":{"line":31,"column":0},"end":{"line":31,"column":13}}},"fnMap":{"0":{"name":"(anonymous_0)","decl":{"start":{"line":4,"column":4},"end":{"line":4,"column":16}},"loc":{"start":{"line":4,"column":30},"end":{"line":7,"column":5}}},"1":{"name":"(anonymous_1)","decl":{"start":{"line":11,"column":4},"end":{"line":11,"column":16}},"loc":{"start":{"line":11,"column":30},"end":{"line":14,"column":5}}},"2":{"name":"(anonymous_2)","decl":{"start":{"line":18,"column":4},"end":{"line":18,"column":16}},"loc":{"start":{"line":18,"column":30},"end":{"line":21,"column":5}}},"3":{"name":"(anonymous_3)","decl":{"start":{"line":25,"column":4},"end":{"line":25,"column":16}},"loc":{"start":{"line":25,"column":30},"end":{"line":28,"column":5}}},"4":{"name":"(anonymous_4)","decl":{"start":{"line":32,"column":4},"end":{"line":32,"column":16}},"loc":{"start":{"line":32,"column":30},"end":{"line":35,"column":5}}}},"branchMap":{},"s":{"0":1,"1":0,"2":0,"3":1,"4":0,"5":0,"6":1,"7":0,"8":0,"9":1,"10":0,"11":0,"12":1,"13":0,"14":0,"15":1},"f":{"0":0,"1":0,"2":0,"3":0,"4":0},"b":{}}
,"D:\\Workspace\\npm-library\\ac-storage\\src\\features\\StorageAccessControl\\index.ts": {"path":"D:\\Workspace\\npm-library\\ac-storage\\src\\features\\StorageAccessControl\\index.ts","statementMap":{"0":{"start":{"line":1,"column":0},"end":{"line":1,"column":58}},"1":{"start":{"line":6,"column":0},"end":{"line":6,"column":null}},"2":{"start":{"line":7,"column":4},"end":{"line":7,"column":null}},"3":{"start":{"line":8,"column":4},"end":{"line":8,"column":null}},"4":{"start":{"line":9,"column":4},"end":{"line":9,"column":null}},"5":{"start":{"line":10,"column":4},"end":{"line":10,"column":null}},"6":{"start":{"line":14,"column":0},"end":{"line":14,"column":36}}},"fnMap":{"0":{"name":"(anonymous_0)","decl":{"start":{"line":7,"column":4},"end":{"line":7,"column":22}},"loc":{"start":{"line":7,"column":4},"end":{"line":7,"column":null}}},"1":{"name":"(anonymous_1)","decl":{"start":{"line":8,"column":4},"end":{"line":8,"column":21}},"loc":{"start":{"line":8,"column":4},"end":{"line":8,"column":null}}},"2":{"name":"(anonymous_2)","decl":{"start":{"line":9,"column":4},"end":{"line":9,"column":24}},"loc":{"start":{"line":9,"column":4},"end":{"line":9,"column":null}}},"3":{"name":"(anonymous_3)","decl":{"start":{"line":10,"column":4},"end":{"line":10,"column":20}},"loc":{"start":{"line":10,"column":4},"end":{"line":10,"column":null}}}},"branchMap":{},"s":{"0":1,"1":1,"2":1,"3":1,"4":1,"5":1,"6":1},"f":{"0":0,"1":0,"2":0,"3":0},"b":{}}
,"D:\\Workspace\\npm-library\\ac-storage\\src\\features\\accessors\\errors.ts": {"path":"D:\\Workspace\\npm-library\\ac-storage\\src\\features\\accessors\\errors.ts","statementMap":{"0":{"start":{"line":3,"column":8},"end":{"line":3,"column":23}},"1":{"start":{"line":4,"column":8},"end":{"line":4,"column":36}},"2":{"start":{"line":1,"column":0},"end":{"line":1,"column":13}}},"fnMap":{"0":{"name":"(anonymous_0)","decl":{"start":{"line":2,"column":4},"end":{"line":2,"column":16}},"loc":{"start":{"line":2,"column":30},"end":{"line":5,"column":5}}}},"branchMap":{},"s":{"0":0,"1":0,"2":1},"f":{"0":0},"b":{}}
,"D:\\Workspace\\npm-library\\ac-storage\\src\\features\\accessors\\index.ts": {"path":"D:\\Workspace\\npm-library\\ac-storage\\src\\features\\accessors\\index.ts","statementMap":{"0":{"start":{"line":4,"column":0},"end":{"line":4,"column":9}},"1":{"start":{"line":4,"column":9},"end":{"line":4,"column":54}},"2":{"start":{"line":5,"column":0},"end":{"line":5,"column":9}},"3":{"start":{"line":5,"column":9},"end":{"line":5,"column":32}},"4":{"start":{"line":5,"column":32},"end":{"line":5,"column":51}},"5":{"start":{"line":5,"column":51},"end":{"line":5,"column":92}},"6":{"start":{"line":6,"column":0},"end":{"line":6,"column":9}},"7":{"start":{"line":6,"column":9},"end":{"line":6,"column":30}},"8":{"start":{"line":6,"column":30},"end":{"line":6,"column":47}},"9":{"start":{"line":6,"column":47},"end":{"line":6,"column":84}},"10":{"start":{"line":7,"column":0},"end":{"line":7,"column":9}},"11":{"start":{"line":7,"column":9},"end":{"line":7,"column":57}},"12":{"start":{"line":14,"column":0},"end":{"line":14,"column":null}},"13":{"start":{"line":15,"column":4},"end":{"line":15,"column":null}},"14":{"start":{"line":16,"column":4},"end":{"line":16,"column":null}}},"fnMap":{"0":{"name":"(anonymous_0)","decl":{"start":{"line":4,"column":9},"end":{"line":4,"column":28}},"loc":{"start":{"line":4,"column":9},"end":{"line":4,"column":54}}},"1":{"name":"(anonymous_1)","decl":{"start":{"line":5,"column":9},"end":{"line":5,"column":30}},"loc":{"start":{"line":5,"column":9},"end":{"line":5,"column":32}}},"2":{"name":"(anonymous_2)","decl":{"start":{"line":5,"column":32},"end":{"line":5,"column":49}},"loc":{"start":{"line":5,"column":32},"end":{"line":5,"column":51}}},"3":{"name":"(anonymous_3)","decl":{"start":{"line":5,"column":51},"end":{"line":5,"column":65}},"loc":{"start":{"line":5,"column":51},"end":{"line":5,"column":92}}},"4":{"name":"(anonymous_4)","decl":{"start":{"line":6,"column":9},"end":{"line":6,"column":28}},"loc":{"start":{"line":6,"column":9},"end":{"line":6,"column":30}}},"5":{"name":"(anonymous_5)","decl":{"start":{"line":6,"column":30},"end":{"line":6,"column":45}},"loc":{"start":{"line":6,"column":30},"end":{"line":6,"column":47}}},"6":{"name":"(anonymous_6)","decl":{"start":{"line":6,"column":47},"end":{"line":6,"column":59}},"loc":{"start":{"line":6,"column":47},"end":{"line":6,"column":84}}},"7":{"name":"(anonymous_7)","decl":{"start":{"line":7,"column":9},"end":{"line":7,"column":30}},"loc":{"start":{"line":7,"column":9},"end":{"line":7,"column":57}}},"8":{"name":"(anonymous_8)","decl":{"start":{"line":15,"column":4},"end":{"line":15,"column":23}},"loc":{"start":{"line":15,"column":4},"end":{"line":15,"column":null}}},"9":{"name":"(anonymous_9)","decl":{"start":{"line":16,"column":4},"end":{"line":16,"column":28}},"loc":{"start":{"line":16,"column":4},"end":{"line":16,"column":null}}}},"branchMap":{},"s":{"0":1,"1":3,"2":1,"3":1,"4":1,"5":1,"6":1,"7":1,"8":1,"9":1,"10":1,"11":1,"12":1,"13":2,"14":1},"f":{"0":2,"1":0,"2":0,"3":0,"4":0,"5":0,"6":0,"7":0,"8":1,"9":0},"b":{}}
,"D:\\Workspace\\npm-library\\ac-storage\\src\\features\\accessors\\BinaryAccessor\\BinaryAccessor.ts": {"path":"D:\\Workspace\\npm-library\\ac-storage\\src\\features\\accessors\\BinaryAccessor\\BinaryAccessor.ts","statementMap":{"0":{"start":{"line":1,"column":0},"end":{"line":1,"column":37}},"1":{"start":{"line":2,"column":0},"end":{"line":2,"column":39}},"2":{"start":{"line":4,"column":0},"end":{"line":4,"column":42}},"3":{"start":{"line":8,"column":23},"end":{"line":8,"column":28}},"4":{"start":{"line":11,"column":8},"end":{"line":11,"column":34}},"5":{"start":{"line":15,"column":8},"end":{"line":15,"column":42}},"6":{"start":{"line":18,"column":8},"end":{"line":18,"column":33}},"7":{"start":{"line":20,"column":8},"end":{"line":20,"column":51}},"8":{"start":{"line":23,"column":8},"end":{"line":23,"column":33}},"9":{"start":{"line":25,"column":8},"end":{"line":30,"column":9}},"10":{"start":{"line":26,"column":12},"end":{"line":26,"column":53}},"11":{"start":{"line":29,"column":12},"end":{"line":29,"column":35}},"12":{"start":{"line":33,"column":8},"end":{"line":33,"column":33}},"13":{"start":{"line":35,"column":23},"end":{"line":35,"column":50}},"14":{"start":{"line":36,"column":8},"end":{"line":36,"column":27}},"15":{"start":{"line":39,"column":8},"end":{"line":39,"column":33}},"16":{"start":{"line":41,"column":23},"end":{"line":41,"column":40}},"17":{"start":{"line":42,"column":8},"end":{"line":42,"column":41}},"18":{"start":{"line":45,"column":8},"end":{"line":45,"column":33}},"19":{"start":{"line":47,"column":8},"end":{"line":49,"column":9}},"20":{"start":{"line":48,"column":12},"end":{"line":48,"column":51}},"21":{"start":{"line":52,"column":8},"end":{"line":52,"column":33}},"22":{"start":{"line":57,"column":8},"end":{"line":57,"column":29}},"23":{"start":{"line":60,"column":8},"end":{"line":62,"column":9}},"24":{"start":{"line":61,"column":12},"end":{"line":61,"column":70}},"25":{"start":{"line":67,"column":0},"end":{"line":67,"column":30}}},"fnMap":{"0":{"name":"(anonymous_0)","decl":{"start":{"line":10,"column":4},"end":{"line":10,"column":16}},"loc":{"start":{"line":10,"column":31},"end":{"line":12,"column":5}}},"1":{"name":"(anonymous_1)","decl":{"start":{"line":14,"column":4},"end":{"line":14,"column":19}},"loc":{"start":{"line":14,"column":19},"end":{"line":16,"column":5}}},"2":{"name":"(anonymous_2)","decl":{"start":{"line":17,"column":4},"end":{"line":17,"column":9}},"loc":{"start":{"line":17,"column":29},"end":{"line":21,"column":5}}},"3":{"name":"(anonymous_3)","decl":{"start":{"line":22,"column":4},"end":{"line":22,"column":9}},"loc":{"start":{"line":22,"column":14},"end":{"line":31,"column":5}}},"4":{"name":"(anonymous_4)","decl":{"start":{"line":32,"column":4},"end":{"line":32,"column":9}},"loc":{"start":{"line":32,"column":33},"end":{"line":37,"column":5}}},"5":{"name":"(anonymous_5)","decl":{"start":{"line":38,"column":4},"end":{"line":38,"column":9}},"loc":{"start":{"line":38,"column":20},"end":{"line":43,"column":5}}},"6":{"name":"(anonymous_6)","decl":{"start":{"line":44,"column":4},"end":{"line":44,"column":9}},"loc":{"start":{"line":44,"column":14},"end":{"line":50,"column":5}}},"7":{"name":"(anonymous_7)","decl":{"start":{"line":51,"column":4},"end":{"line":51,"column":9}},"loc":{"start":{"line":51,"column":16},"end":{"line":54,"column":5}}},"8":{"name":"(anonymous_8)","decl":{"start":{"line":56,"column":4},"end":{"line":56,"column":8}},"loc":{"start":{"line":56,"column":15},"end":{"line":58,"column":5}}}},"branchMap":{"0":{"loc":{"start":{"line":25,"column":8},"end":{"line":30,"column":9}},"type":"if","locations":[{"start":{"line":25,"column":8},"end":{"line":30,"column":9}},{"start":{"line":28,"column":13},"end":{"line":30,"column":9}}]},"1":{"loc":{"start":{"line":47,"column":8},"end":{"line":49,"column":9}},"type":"if","locations":[{"start":{"line":47,"column":8},"end":{"line":49,"column":9}}]},"2":{"loc":{"start":{"line":60,"column":8},"end":{"line":62,"column":9}},"type":"if","locations":[{"start":{"line":60,"column":8},"end":{"line":62,"column":9}}]}},"s":{"0":1,"1":1,"2":1,"3":0,"4":0,"5":0,"6":0,"7":0,"8":0,"9":0,"10":0,"11":0,"12":0,"13":0,"14":0,"15":0,"16":0,"17":0,"18":0,"19":0,"20":0,"21":0,"22":0,"23":0,"24":0,"25":1},"f":{"0":0,"1":0,"2":0,"3":0,"4":0,"5":0,"6":0,"7":0,"8":0},"b":{"0":[0,0],"1":[0],"2":[0]}}
,"D:\\Workspace\\npm-library\\ac-storage\\src\\features\\accessors\\BinaryAccessor\\BinaryAccessorManager.ts": {"path":"D:\\Workspace\\npm-library\\ac-storage\\src\\features\\accessors\\BinaryAccessor\\BinaryAccessorManager.ts","statementMap":{"0":{"start":{"line":1,"column":0},"end":{"line":1,"column":46}},"1":{"start":{"line":4,"column":0},"end":{"line":4,"column":52}},"2":{"start":{"line":8,"column":16},"end":{"line":8,"column":33}},"3":{"start":{"line":9,"column":17},"end":{"line":9,"column":34}},"4":{"start":{"line":12,"column":8},"end":{"line":12,"column":73}},"5":{"start":{"line":16,"column":8},"end":{"line":16,"column":66}},"6":{"start":{"line":20,"column":8},"end":{"line":20,"column":33}},"7":{"start":{"line":30,"column":8},"end":{"line":30,"column":47}},"8":{"start":{"line":33,"column":22},"end":{"line":33,"column":41}},"9":{"start":{"line":34,"column":8},"end":{"line":34,"column":20}},"10":{"start":{"line":36,"column":8},"end":{"line":36,"column":21}},"11":{"start":{"line":39,"column":8},"end":{"line":41,"column":9}},"12":{"start":{"line":40,"column":12},"end":{"line":40,"column":65}},"13":{"start":{"line":43,"column":8},"end":{"line":43,"column":54}},"14":{"start":{"line":47,"column":8},"end":{"line":47,"column":54}},"15":{"start":{"line":51,"column":8},"end":{"line":51,"column":35}},"16":{"start":{"line":54,"column":8},"end":{"line":54,"column":37}},"17":{"start":{"line":57,"column":8},"end":{"line":57,"column":37}},"18":{"start":{"line":61,"column":0},"end":{"line":61,"column":37}}},"fnMap":{"0":{"name":"(anonymous_0)","decl":{"start":{"line":11,"column":4},"end":{"line":11,"column":10}},"loc":{"start":{"line":11,"column":35},"end":{"line":13,"column":5}}},"1":{"name":"(anonymous_1)","decl":{"start":{"line":15,"column":4},"end":{"line":15,"column":10}},"loc":{"start":{"line":15,"column":21},"end":{"line":17,"column":5}}},"2":{"name":"(anonymous_2)","decl":{"start":{"line":19,"column":4},"end":{"line":19,"column":24}},"loc":{"start":{"line":19,"column":48},"end":{"line":21,"column":5}}},"3":{"name":"(anonymous_3)","decl":{"start":{"line":23,"column":4},"end":{"line":23,"column":9}},"loc":{"start":{"line":23,"column":16},"end":{"line":25,"column":5}}},"4":{"name":"(anonymous_4)","decl":{"start":{"line":26,"column":4},"end":{"line":26,"column":9}},"loc":{"start":{"line":26,"column":14},"end":{"line":28,"column":5}}},"5":{"name":"(anonymous_5)","decl":{"start":{"line":29,"column":4},"end":{"line":29,"column":9}},"loc":{"start":{"line":29,"column":16},"end":{"line":31,"column":5}}},"6":{"name":"(anonymous_6)","decl":{"start":{"line":32,"column":4},"end":{"line":32,"column":9}},"loc":{"start":{"line":32,"column":51},"end":{"line":37,"column":5}}},"7":{"name":"(anonymous_7)","decl":{"start":{"line":38,"column":4},"end":{"line":38,"column":9}},"loc":{"start":{"line":38,"column":51},"end":{"line":44,"column":5}}},"8":{"name":"(anonymous_8)","decl":{"start":{"line":46,"column":4},"end":{"line":46,"column":16}},"loc":{"start":{"line":46,"column":48},"end":{"line":48,"column":5}}},"9":{"name":"(anonymous_9)","decl":{"start":{"line":50,"column":4},"end":{"line":50,"column":9}},"loc":{"start":{"line":50,"column":14},"end":{"line":52,"column":5}}},"10":{"name":"(anonymous_10)","decl":{"start":{"line":53,"column":4},"end":{"line":53,"column":9}},"loc":{"start":{"line":53,"column":16},"end":{"line":55,"column":5}}},"11":{"name":"(anonymous_11)","decl":{"start":{"line":56,"column":4},"end":{"line":56,"column":13}},"loc":{"start":{"line":56,"column":13},"end":{"line":58,"column":5}}}},"branchMap":{"0":{"loc":{"start":{"line":39,"column":8},"end":{"line":41,"column":9}},"type":"if","locations":[{"start":{"line":39,"column":8},"end":{"line":41,"column":9}}]}},"s":{"0":1,"1":1,"2":0,"3":0,"4":0,"5":0,"6":0,"7":0,"8":0,"9":0,"10":0,"11":0,"12":0,"13":0,"14":0,"15":0,"16":0,"17":0,"18":1},"f":{"0":0,"1":0,"2":0,"3":0,"4":0,"5":0,"6":0,"7":0,"8":0,"9":0,"10":0,"11":0},"b":{"0":[0]}}
,"D:\\Workspace\\npm-library\\ac-storage\\src\\features\\accessors\\BinaryAccessor\\MemBinaryAccessor.ts": {"path":"D:\\Workspace\\npm-library\\ac-storage\\src\\features\\accessors\\BinaryAccessor\\MemBinaryAccessor.ts","statementMap":{"0":{"start":{"line":4,"column":23},"end":{"line":4,"column":28}},"1":{"start":{"line":5,"column":21},"end":{"line":5,"column":36}},"2":{"start":{"line":8,"column":8},"end":{"line":8,"column":21}},"3":{"start":{"line":11,"column":8},"end":{"line":11,"column":30}},"4":{"start":{"line":14,"column":8},"end":{"line":14,"column":28}},"5":{"start":{"line":17,"column":23},"end":{"line":17,"column":50}},"6":{"start":{"line":18,"column":8},"end":{"line":18,"column":33}},"7":{"start":{"line":21,"column":23},"end":{"line":21,"column":40}},"8":{"start":{"line":22,"column":8},"end":{"line":22,"column":41}},"9":{"start":{"line":26,"column":19},"end":{"line":26,"column":40}},"10":{"start":{"line":27,"column":20},"end":{"line":27,"column":41}},"11":{"start":{"line":30,"column":0},"end":{"line":30,"column":33}}},"fnMap":{"0":{"name":"(anonymous_0)","decl":{"start":{"line":7,"column":4},"end":{"line":7,"column":19}},"loc":{"start":{"line":7,"column":19},"end":{"line":9,"column":5}}},"1":{"name":"(anonymous_1)","decl":{"start":{"line":10,"column":4},"end":{"line":10,"column":9}},"loc":{"start":{"line":10,"column":29},"end":{"line":12,"column":5}}},"2":{"name":"(anonymous_2)","decl":{"start":{"line":13,"column":4},"end":{"line":13,"column":9}},"loc":{"start":{"line":13,"column":14},"end":{"line":15,"column":5}}},"3":{"name":"(anonymous_3)","decl":{"start":{"line":16,"column":4},"end":{"line":16,"column":9}},"loc":{"start":{"line":16,"column":33},"end":{"line":19,"column":5}}},"4":{"name":"(anonymous_4)","decl":{"start":{"line":20,"column":4},"end":{"line":20,"column":9}},"loc":{"start":{"line":20,"column":20},"end":{"line":23,"column":5}}},"5":{"name":"(anonymous_5)","decl":{"start":{"line":25,"column":4},"end":{"line":25,"column":9}},"loc":{"start":{"line":25,"column":16},"end":{"line":25,"column":21}}},"6":{"name":"(anonymous_6)","decl":{"start":{"line":26,"column":4},"end":{"line":26,"column":9}},"loc":{"start":{"line":26,"column":14},"end":{"line":26,"column":42}}},"7":{"name":"(anonymous_7)","decl":{"start":{"line":27,"column":4},"end":{"line":27,"column":8}},"loc":{"start":{"line":27,"column":15},"end":{"line":27,"column":43}}}},"branchMap":{},"s":{"0":0,"1":0,"2":0,"3":0,"4":0,"5":0,"6":0,"7":0,"8":0,"9":0,"10":0,"11":1},"f":{"0":0,"1":0,"2":0,"3":0,"4":0,"5":0,"6":0,"7":0},"b":{}}
,"D:\\Workspace\\npm-library\\ac-storage\\src\\features\\accessors\\BinaryAccessor\\index.ts": {"path":"D:\\Workspace\\npm-library\\ac-storage\\src\\features\\accessors\\BinaryAccessor\\index.ts","statementMap":{"0":{"start":{"line":1,"column":0},"end":{"line":1,"column":9}},"1":{"start":{"line":1,"column":9},"end":{"line":1,"column":34}},"2":{"start":{"line":2,"column":0},"end":{"line":2,"column":9}},"3":{"start":{"line":2,"column":9},"end":{"line":2,"column":37}},"4":{"start":{"line":3,"column":0},"end":{"line":3,"column":9}},"5":{"start":{"line":3,"column":9},"end":{"line":3,"column":41}}},"fnMap":{"0":{"name":"(anonymous_0)","decl":{"start":{"line":1,"column":9},"end":{"line":1,"column":16}},"loc":{"start":{"line":1,"column":9},"end":{"line":1,"column":34}}},"1":{"name":"(anonymous_1)","decl":{"start":{"line":2,"column":9},"end":{"line":2,"column":16}},"loc":{"start":{"line":2,"column":9},"end":{"line":2,"column":37}}},"2":{"name":"(anonymous_2)","decl":{"start":{"line":3,"column":9},"end":{"line":3,"column":16}},"loc":{"start":{"line":3,"column":9},"end":{"line":3,"column":41}}}},"branchMap":{},"s":{"0":1,"1":1,"2":1,"3":1,"4":1,"5":1},"f":{"0":0,"1":0,"2":0},"b":{}}
,"D:\\Workspace\\npm-library\\ac-storage\\src\\features\\accessors\\CustomAccessor\\CustomAccessorManager.ts": {"path":"D:\\Workspace\\npm-library\\ac-storage\\src\\features\\accessors\\CustomAccessor\\CustomAccessorManager.ts","statementMap":{"0":{"start":{"line":3,"column":0},"end":{"line":3,"column":46}},"1":{"start":{"line":17,"column":16},"end":{"line":17,"column":33}},"2":{"start":{"line":18,"column":17},"end":{"line":18,"column":34}},"3":{"start":{"line":23,"column":8},"end":{"line":23,"column":55}},"4":{"start":{"line":27,"column":60},"end":{"line":27,"column":64}},"5":{"start":{"line":28,"column":8},"end":{"line":28,"column":28}},"6":{"start":{"line":29,"column":8},"end":{"line":29,"column":34}},"7":{"start":{"line":30,"column":8},"end":{"line":30,"column":38}},"8":{"start":{"line":31,"column":8},"end":{"line":31,"column":38}},"9":{"start":{"line":32,"column":8},"end":{"line":32,"column":28}},"10":{"start":{"line":36,"column":8},"end":{"line":38,"column":9}},"11":{"start":{"line":37,"column":12},"end":{"line":37,"column":66}},"12":{"start":{"line":40,"column":8},"end":{"line":40,"column":30}},"13":{"start":{"line":44,"column":8},"end":{"line":44,"column":105}},"14":{"start":{"line":44,"column":32},"end":{"line":44,"column":105}},"15":{"start":{"line":48,"column":8},"end":{"line":48,"column":101}},"16":{"start":{"line":48,"column":30},"end":{"line":48,"column":101}},"17":{"start":{"line":51,"column":8},"end":{"line":56,"column":9}},"18":{"start":{"line":52,"column":12},"end":{"line":52,"column":92}},"19":{"start":{"line":55,"column":12},"end":{"line":55,"column":25}},"20":{"start":{"line":60,"column":8},"end":{"line":68,"column":9}},"21":{"start":{"line":61,"column":12},"end":{"line":61,"column":57}},"22":{"start":{"line":63,"column":13},"end":{"line":68,"column":9}},"23":{"start":{"line":64,"column":12},"end":{"line":64,"column":57}},"24":{"start":{"line":67,"column":12},"end":{"line":67,"column":93}},"25":{"start":{"line":70,"column":8},"end":{"line":70,"column":20}},"26":{"start":{"line":73,"column":8},"end":{"line":78,"column":9}},"27":{"start":{"line":74,"column":12},"end":{"line":74,"column":57}},"28":{"start":{"line":77,"column":12},"end":{"line":77,"column":93}},"29":{"start":{"line":82,"column":8},"end":{"line":93,"column":9}},"30":{"start":{"line":83,"column":12},"end":{"line":83,"column":25}},"31":{"start":{"line":85,"column":13},"end":{"line":93,"column":9}},"32":{"start":{"line":86,"column":12},"end":{"line":86,"column":25}},"33":{"start":{"line":88,"column":13},"end":{"line":93,"column":9}},"34":{"start":{"line":89,"column":12},"end":{"line":89,"column":24}},"35":{"start":{"line":92,"column":12},"end":{"line":92,"column":75}},"36":{"start":{"line":97,"column":8},"end":{"line":97,"column":43}},"37":{"start":{"line":97,"column":36},"end":{"line":97,"column":43}},"38":{"start":{"line":98,"column":8},"end":{"line":98,"column":107}},"39":{"start":{"line":98,"column":33},"end":{"line":98,"column":107}},"40":{"start":{"line":100,"column":8},"end":{"line":100,"column":30}},"41":{"start":{"line":103,"column":8},"end":{"line":103,"column":101}},"42":{"start":{"line":103,"column":30},"end":{"line":103,"column":101}},"43":{"start":{"line":106,"column":8},"end":{"line":106,"column":38}},"44":{"start":{"line":110,"column":0},"end":{"line":110,"column":37}}},"fnMap":{"0":{"name":"(anonymous_0)","decl":{"start":{"line":22,"column":4},"end":{"line":22,"column":10}},"loc":{"start":{"line":22,"column":54},"end":{"line":24,"column":5}}},"1":{"name":"(anonymous_1)","decl":{"start":{"line":26,"column":4},"end":{"line":26,"column":24}},"loc":{"start":{"line":26,"column":58},"end":{"line":33,"column":5}}},"2":{"name":"(anonymous_2)","decl":{"start":{"line":35,"column":4},"end":{"line":35,"column":8}},"loc":{"start":{"line":35,"column":16},"end":{"line":41,"column":5}}},"3":{"name":"(anonymous_3)","decl":{"start":{"line":43,"column":4},"end":{"line":43,"column":9}},"loc":{"start":{"line":43,"column":16},"end":{"line":45,"column":5}}},"4":{"name":"(anonymous_4)","decl":{"start":{"line":47,"column":4},"end":{"line":47,"column":9}},"loc":{"start":{"line":47,"column":14},"end":{"line":49,"column":5}}},"5":{"name":"(anonymous_5)","decl":{"start":{"line":50,"column":4},"end":{"line":50,"column":9}},"loc":{"start":{"line":50,"column":16},"end":{"line":57,"column":5}}},"6":{"name":"(anonymous_6)","decl":{"start":{"line":59,"column":4},"end":{"line":59,"column":9}},"loc":{"start":{"line":59,"column":38},"end":{"line":71,"column":5}}},"7":{"name":"(anonymous_7)","decl":{"start":{"line":72,"column":4},"end":{"line":72,"column":9}},"loc":{"start":{"line":72,"column":38},"end":{"line":79,"column":5}}},"8":{"name":"(anonymous_8)","decl":{"start":{"line":81,"column":4},"end":{"line":81,"column":16}},"loc":{"start":{"line":81,"column":49},"end":{"line":94,"column":5}}},"9":{"name":"(anonymous_9)","decl":{"start":{"line":96,"column":4},"end":{"line":96,"column":9}},"loc":{"start":{"line":96,"column":14},"end":{"line":101,"column":5}}},"10":{"name":"(anonymous_10)","decl":{"start":{"line":102,"column":4},"end":{"line":102,"column":9}},"loc":{"start":{"line":102,"column":16},"end":{"line":104,"column":5}}},"11":{"name":"(anonymous_11)","decl":{"start":{"line":105,"column":4},"end":{"line":105,"column":13}},"loc":{"start":{"line":105,"column":13},"end":{"line":107,"column":5}}}},"branchMap":{"0":{"loc":{"start":{"line":36,"column":8},"end":{"line":38,"column":9}},"type":"if","locations":[{"start":{"line":36,"column":8},"end":{"line":38,"column":9}}]},"1":{"loc":{"start":{"line":44,"column":8},"end":{"line":44,"column":105}},"type":"if","locations":[{"start":{"line":44,"column":8},"end":{"line":44,"column":105}}]},"2":{"loc":{"start":{"line":48,"column":8},"end":{"line":48,"column":101}},"type":"if","locations":[{"start":{"line":48,"column":8},"end":{"line":48,"column":101}}]},"3":{"loc":{"start":{"line":51,"column":8},"end":{"line":56,"column":9}},"type":"if","locations":[{"start":{"line":51,"column":8},"end":{"line":56,"column":9}},{"start":{"line":54,"column":13},"end":{"line":56,"column":9}}]},"4":{"loc":{"start":{"line":60,"column":8},"end":{"line":68,"column":9}},"type":"if","locations":[{"start":{"line":60,"column":8},"end":{"line":68,"column":9}},{"start":{"line":63,"column":13},"end":{"line":68,"column":9}}]},"5":{"loc":{"start":{"line":63,"column":13},"end":{"line":68,"column":9}},"type":"if","locations":[{"start":{"line":63,"column":13},"end":{"line":68,"column":9}},{"start":{"line":66,"column":13},"end":{"line":68,"column":9}}]},"6":{"loc":{"start":{"line":73,"column":8},"end":{"line":78,"column":9}},"type":"if","locations":[{"start":{"line":73,"column":8},"end":{"line":78,"column":9}},{"start":{"line":76,"column":13},"end":{"line":78,"column":9}}]},"7":{"loc":{"start":{"line":82,"column":8},"end":{"line":93,"column":9}},"type":"if","locations":[{"start":{"line":82,"column":8},"end":{"line":93,"column":9}},{"start":{"line":85,"column":13},"end":{"line":93,"column":9}}]},"8":{"loc":{"start":{"line":85,"column":13},"end":{"line":93,"column":9}},"type":"if","locations":[{"start":{"line":85,"column":13},"end":{"line":93,"column":9}},{"start":{"line":88,"column":13},"end":{"line":93,"column":9}}]},"9":{"loc":{"start":{"line":88,"column":13},"end":{"line":93,"column":9}},"type":"if","locations":[{"start":{"line":88,"column":13},"end":{"line":93,"column":9}},{"start":{"line":91,"column":13},"end":{"line":93,"column":9}}]},"10":{"loc":{"start":{"line":97,"column":8},"end":{"line":97,"column":43}},"type":"if","locations":[{"start":{"line":97,"column":8},"end":{"line":97,"column":43}}]},"11":{"loc":{"start":{"line":98,"column":8},"end":{"line":98,"column":107}},"type":"if","locations":[{"start":{"line":98,"column":8},"end":{"line":98,"column":107}}]},"12":{"loc":{"start":{"line":103,"column":8},"end":{"line":103,"column":101}},"type":"if","locations":[{"start":{"line":103,"column":8},"end":{"line":103,"column":101}}]}},"s":{"0":1,"1":0,"2":0,"3":0,"4":0,"5":0,"6":0,"7":0,"8":0,"9":0,"10":0,"11":0,"12":0,"13":0,"14":0,"15":0,"16":0,"17":0,"18":0,"19":0,"20":0,"21":0,"22":0,"23":0,"24":0,"25":0,"26":0,"27":0,"28":0,"29":0,"30":0,"31":0,"32":0,"33":0,"34":0,"35":0,"36":0,"37":0,"38":0,"39":0,"40":0,"41":0,"42":0,"43":0,"44":1},"f":{"0":0,"1":0,"2":0,"3":0,"4":0,"5":0,"6":0,"7":0,"8":0,"9":0,"10":0,"11":0},"b":{"0":[0],"1":[0],"2":[0],"3":[0,0],"4":[0,0],"5":[0,0],"6":[0,0],"7":[0,0],"8":[0,0],"9":[0,0],"10":[0],"11":[0],"12":[0]}}
,"D:\\Workspace\\npm-library\\ac-storage\\src\\features\\accessors\\CustomAccessor\\index.ts": {"path":"D:\\Workspace\\npm-library\\ac-storage\\src\\features\\accessors\\CustomAccessor\\index.ts","statementMap":{"0":{"start":{"line":2,"column":0},"end":{"line":2,"column":9}},"1":{"start":{"line":2,"column":9},"end":{"line":2,"column":41}}},"fnMap":{"0":{"name":"(anonymous_0)","decl":{"start":{"line":2,"column":9},"end":{"line":2,"column":16}},"loc":{"start":{"line":2,"column":9},"end":{"line":2,"column":41}}}},"branchMap":{},"s":{"0":1,"1":1},"f":{"0":0},"b":{}}
,"D:\\Workspace\\npm-library\\ac-storage\\src\\features\\accessors\\JSONAccessor\\JSONAccessorManager.ts": {"path":"D:\\Workspace\\npm-library\\ac-storage\\src\\features\\accessors\\JSONAccessor\\JSONAccessorManager.ts","statementMap":{"0":{"start":{"line":1,"column":0},"end":{"line":1,"column":null}},"1":{"start":{"line":11,"column":16},"end":{"line":11,"column":33}},"2":{"start":{"line":12,"column":17},"end":{"line":12,"column":34}},"3":{"start":{"line":15,"column":8},"end":{"line":15,"column":75}},"4":{"start":{"line":19,"column":8},"end":{"line":19,"column":66}},"5":{"start":{"line":23,"column":8},"end":{"line":23,"column":33}},"6":{"start":{"line":30,"column":8},"end":{"line":30,"column":35}},"7":{"start":{"line":33,"column":8},"end":{"line":33,"column":53}},"8":{"start":{"line":36,"column":22},"end":{"line":36,"column":42}},"9":{"start":{"line":37,"column":8},"end":{"line":37,"column":20}},"10":{"start":{"line":39,"column":8},"end":{"line":39,"column":21}},"11":{"start":{"line":42,"column":8},"end":{"line":44,"column":9}},"12":{"start":{"line":43,"column":12},"end":{"line":43,"column":65}},"13":{"start":{"line":46,"column":8},"end":{"line":46,"column":49}},"14":{"start":{"line":50,"column":8},"end":{"line":52,"column":9}},"15":{"start":{"line":51,"column":12},"end":{"line":51,"column":25}},"16":{"start":{"line":54,"column":8},"end":{"line":54,"column":78}},"17":{"start":{"line":58,"column":8},"end":{"line":88,"column":9}},"18":{"start":{"line":59,"column":12},"end":{"line":59,"column":24}},"19":{"start":{"line":61,"column":13},"end":{"line":88,"column":9}},"20":{"start":{"line":62,"column":12},"end":{"line":62,"column":25}},"21":{"start":{"line":64,"column":13},"end":{"line":88,"column":9}},"22":{"start":{"line":65,"column":12},"end":{"line":65,"column":25}},"23":{"start":{"line":67,"column":13},"end":{"line":88,"column":9}},"24":{"start":{"line":68,"column":26},"end":{"line":68,"column":40}},"25":{"start":{"line":69,"column":26},"end":{"line":69,"column":40}},"26":{"start":{"line":70,"column":12},"end":{"line":72,"column":13}},"27":{"start":{"line":71,"column":16},"end":{"line":71,"column":29}},"28":{"start":{"line":73,"column":12},"end":{"line":86,"column":13}},"29":{"start":{"line":74,"column":31},"end":{"line":74,"column":37}},"30":{"start":{"line":75,"column":31},"end":{"line":75,"column":37}},"31":{"start":{"line":77,"column":16},"end":{"line":85,"column":17}},"32":{"start":{"line":78,"column":20},"end":{"line":78,"column":33}},"33":{"start":{"line":80,"column":21},"end":{"line":85,"column":17}},"34":{"start":{"line":81,"column":20},"end":{"line":81,"column":45}},"35":{"start":{"line":83,"column":21},"end":{"line":85,"column":17}},"36":{"start":{"line":84,"column":20},"end":{"line":84,"column":33}},"37":{"start":{"line":87,"column":12},"end":{"line":87,"column":24}},"38":{"start":{"line":89,"column":8},"end":{"line":89,"column":22}},"39":{"start":{"line":93,"column":8},"end":{"line":93,"column":35}},"40":{"start":{"line":96,"column":8},"end":{"line":96,"column":35}},"41":{"start":{"line":99,"column":8},"end":{"line":99,"column":37}},"42":{"start":{"line":103,"column":0},"end":{"line":103,"column":35}}},"fnMap":{"0":{"name":"(anonymous_0)","decl":{"start":{"line":14,"column":4},"end":{"line":14,"column":10}},"loc":{"start":{"line":14,"column":51},"end":{"line":16,"column":5}}},"1":{"name":"(anonymous_1)","decl":{"start":{"line":18,"column":4},"end":{"line":18,"column":10}},"loc":{"start":{"line":18,"column":36},"end":{"line":20,"column":5}}},"2":{"name":"(anonymous_2)","decl":{"start":{"line":22,"column":4},"end":{"line":22,"column":24}},"loc":{"start":{"line":22,"column":46},"end":{"line":24,"column":5}}},"3":{"name":"(anonymous_3)","decl":{"start":{"line":26,"column":4},"end":{"line":26,"column":9}},"loc":{"start":{"line":26,"column":16},"end":{"line":28,"column":5}}},"4":{"name":"(anonymous_4)","decl":{"start":{"line":29,"column":4},"end":{"line":29,"column":9}},"loc":{"start":{"line":29,"column":14},"end":{"line":31,"column":5}}},"5":{"name":"(anonymous_5)","decl":{"start":{"line":32,"column":4},"end":{"line":32,"column":9}},"loc":{"start":{"line":32,"column":16},"end":{"line":34,"column":5}}},"6":{"name":"(anonymous_6)","decl":{"start":{"line":35,"column":4},"end":{"line":35,"column":9}},"loc":{"start":{"line":35,"column":50},"end":{"line":40,"column":5}}},"7":{"name":"(anonymous_7)","decl":{"start":{"line":41,"column":4},"end":{"line":41,"column":9}},"loc":{"start":{"line":41,"column":50},"end":{"line":47,"column":5}}},"8":{"name":"(anonymous_8)","decl":{"start":{"line":49,"column":4},"end":{"line":49,"column":16}},"loc":{"start":{"line":49,"column":49},"end":{"line":55,"column":5}}},"9":{"name":"(anonymous_9)","decl":{"start":{"line":92,"column":4},"end":{"line":92,"column":9}},"loc":{"start":{"line":92,"column":14},"end":{"line":94,"column":5}}},"10":{"name":"(anonymous_10)","decl":{"start":{"line":95,"column":4},"end":{"line":95,"column":9}},"loc":{"start":{"line":95,"column":16},"end":{"line":97,"column":5}}},"11":{"name":"(anonymous_11)","decl":{"start":{"line":98,"column":4},"end":{"line":98,"column":13}},"loc":{"start":{"line":98,"column":13},"end":{"line":100,"column":5}}}},"branchMap":{"0":{"loc":{"start":{"line":42,"column":8},"end":{"line":44,"column":9}},"type":"if","locations":[{"start":{"line":42,"column":8},"end":{"line":44,"column":9}}]},"1":{"loc":{"start":{"line":50,"column":8},"end":{"line":52,"column":9}},"type":"if","locations":[{"start":{"line":50,"column":8},"end":{"line":52,"column":9}}]},"2":{"loc":{"start":{"line":58,"column":8},"end":{"line":88,"column":9}},"type":"if","locations":[{"start":{"line":58,"column":8},"end":{"line":88,"column":9}},{"start":{"line":61,"column":13},"end":{"line":88,"column":9}}]},"3":{"loc":{"start":{"line":58,"column":12},"end":{"line":58,"column":34}},"type":"binary-expr","locations":[{"start":{"line":58,"column":12},"end":{"line":58,"column":21}},{"start":{"line":58,"column":25},"end":{"line":58,"column":34}}]},"4":{"loc":{"start":{"line":61,"column":13},"end":{"line":88,"column":9}},"type":"if","locations":[{"start":{"line":61,"column":13},"end":{"line":88,"column":9}},{"start":{"line":64,"column":13},"end":{"line":88,"column":9}}]},"5":{"loc":{"start":{"line":61,"column":17},"end":{"line":61,"column":39}},"type":"binary-expr","locations":[{"start":{"line":61,"column":17},"end":{"line":61,"column":26}},{"start":{"line":61,"column":30},"end":{"line":61,"column":39}}]},"6":{"loc":{"start":{"line":64,"column":13},"end":{"line":88,"column":9}},"type":"if","locations":[{"start":{"line":64,"column":13},"end":{"line":88,"column":9}},{"start":{"line":67,"column":13},"end":{"line":88,"column":9}}]},"7":{"loc":{"start":{"line":67,"column":13},"end":{"line":88,"column":9}},"type":"if","locations":[{"start":{"line":67,"column":13},"end":{"line":88,"column":9}}]},"8":{"loc":{"start":{"line":70,"column":12},"end":{"line":72,"column":13}},"type":"if","locations":[{"start":{"line":70,"column":12},"end":{"line":72,"column":13}}]},"9":{"loc":{"start":{"line":77,"column":16},"end":{"line":85,"column":17}},"type":"if","locations":[{"start":{"line":77,"column":16},"end":{"line":85,"column":17}},{"start":{"line":80,"column":21},"end":{"line":85,"column":17}}]},"10":{"loc":{"start":{"line":80,"column":21},"end":{"line":85,"column":17}},"type":"if","locations":[{"start":{"line":80,"column":21},"end":{"line":85,"column":17}},{"start":{"line":83,"column":21},"end":{"line":85,"column":17}}]},"11":{"loc":{"start":{"line":83,"column":21},"end":{"line":85,"column":17}},"type":"if","locations":[{"start":{"line":83,"column":21},"end":{"line":85,"column":17}}]}},"s":{"0":1,"1":2,"2":2,"3":2,"4":0,"5":2,"6":0,"7":2,"8":1,"9":1,"10":1,"11":1,"12":0,"13":1,"14":1,"15":0,"16":1,"17":8,"18":1,"19":7,"20":0,"21":7,"22":0,"23":7,"24":3,"25":3,"26":3,"27":0,"28":3,"29":7,"30":7,"31":7,"32":0,"33":7,"34":0,"35":7,"36":0,"37":3,"38":4,"39":2,"40":2,"41":7,"42":1},"f":{"0":2,"1":0,"2":2,"3":2,"4":0,"5":2,"6":1,"7":1,"8":1,"9":2,"10":2,"11":7},"b":{"0":[0],"1":[0],"2":[1,7],"3":[8,1],"4":[0,7],"5":[7,7],"6":[0,7],"7":[3],"8":[0],"9":[0,7],"10":[0,7],"11":[0]}}
,"D:\\Workspace\\npm-library\\ac-storage\\src\\features\\accessors\\JSONAccessor\\index.ts": {"path":"D:\\Workspace\\npm-library\\ac-storage\\src\\features\\accessors\\JSONAccessor\\index.ts","statementMap":{"0":{"start":{"line":1,"column":0},"end":{"line":1,"column":9}},"1":{"start":{"line":1,"column":9},"end":{"line":1,"column":39}}},"fnMap":{"0":{"name":"(anonymous_0)","decl":{"start":{"line":1,"column":9},"end":{"line":1,"column":16}},"loc":{"start":{"line":1,"column":9},"end":{"line":1,"column":39}}}},"branchMap":{},"s":{"0":1,"1":3},"f":{"0":2},"b":{}}
,"D:\\Workspace\\npm-library\\ac-storage\\src\\features\\accessors\\MetaAccessor\\DirectoryAccessor.ts": {"path":"D:\\Workspace\\npm-library\\ac-storage\\src\\features\\accessors\\MetaAccessor\\DirectoryAccessor.ts","statementMap":{"0":{"start":{"line":1,"column":0},"end":{"line":1,"column":25}},"1":{"start":{"line":8,"column":8},"end":{"line":8,"column":37}},"2":{"start":{"line":12,"column":8},"end":{"line":14,"column":9}},"3":{"start":{"line":13,"column":12},"end":{"line":13,"column":63}},"4":{"start":{"line":18,"column":8},"end":{"line":26,"column":9}},"5":{"start":{"line":19,"column":12},"end":{"line":19,"column":62}},"6":{"start":{"line":19,"column":49},"end":{"line":19,"column":62}},"7":{"start":{"line":21,"column":25},"end":{"line":21,"column":53}},"8":{"start":{"line":22,"column":12},"end":{"line":22,"column":38}},"9":{"start":{"line":25,"column":12},"end":{"line":25,"column":25}},"10":{"start":{"line":30,"column":8},"end":{"line":30,"column":87}},"11":{"start":{"line":34,"column":8},"end":{"line":34,"column":57}},"12":{"start":{"line":38,"column":8},"end":{"line":43,"column":9}},"13":{"start":{"line":39,"column":12},"end":{"line":39,"column":60}},"14":{"start":{"line":47,"column":0},"end":{"line":47,"column":33}}},"fnMap":{"0":{"name":"(anonymous_0)","decl":{"start":{"line":7,"column":4},"end":{"line":7,"column":16}},"loc":{"start":{"line":7,"column":33},"end":{"line":9,"column":5}}},"1":{"name":"(anonymous_1)","decl":{"start":{"line":11,"column":4},"end":{"line":11,"column":10}},"loc":{"start":{"line":11,"column":10},"end":{"line":15,"column":5}}},"2":{"name":"(anonymous_2)","decl":{"start":{"line":17,"column":4},"end":{"line":17,"column":10}},"loc":{"start":{"line":17,"column":10},"end":{"line":27,"column":5}}},"3":{"name":"(anonymous_3)","decl":{"start":{"line":29,"column":4},"end":{"line":29,"column":8}},"loc":{"start":{"line":29,"column":32},"end":{"line":31,"column":5}}},"4":{"name":"(anonymous_4)","decl":{"start":{"line":33,"column":4},"end":{"line":33,"column":8}},"loc":{"start":{"line":33,"column":32},"end":{"line":35,"column":5}}},"5":{"name":"(anonymous_5)","decl":{"start":{"line":37,"column":4},"end":{"line":37,"column":8}},"loc":{"start":{"line":37,"column":8},"end":{"line":44,"column":5}}}},"branchMap":{"0":{"loc":{"start":{"line":12,"column":8},"end":{"line":14,"column":9}},"type":"if","locations":[{"start":{"line":12,"column":8},"end":{"line":14,"column":9}}]},"1":{"loc":{"start":{"line":19,"column":12},"end":{"line":19,"column":62}},"type":"if","locations":[{"start":{"line":19,"column":12},"end":{"line":19,"column":62}}]}},"s":{"0":1,"1":0,"2":0,"3":0,"4":0,"5":0,"6":0,"7":0,"8":0,"9":0,"10":0,"11":0,"12":0,"13":0,"14":1},"f":{"0":0,"1":0,"2":0,"3":0,"4":0,"5":0},"b":{"0":[0],"1":[0]}}
,"D:\\Workspace\\npm-library\\ac-storage\\src\\features\\accessors\\MetaAccessor\\DirectoryAccessorManager.ts": {"path":"D:\\Workspace\\npm-library\\ac-storage\\src\\features\\accessors\\MetaAccessor\\DirectoryAccessorManager.ts","statementMap":{"0":{"start":{"line":1,"column":0},"end":{"line":1,"column":40}},"1":{"start":{"line":4,"column":0},"end":{"line":4,"column":52}},"2":{"start":{"line":5,"column":0},"end":{"line":5,"column":58}},"3":{"start":{"line":10,"column":16},"end":{"line":10,"column":33}},"4":{"start":{"line":11,"column":17},"end":{"line":11,"column":34}},"5":{"start":{"line":12,"column":17},"end":{"line":12,"column":19}},"6":{"start":{"line":15,"column":8},"end":{"line":15,"column":85}},"7":{"start":{"line":19,"column":8},"end":{"line":19,"column":78}},"8":{"start":{"line":23,"column":8},"end":{"line":23,"column":27}},"9":{"start":{"line":24,"column":8},"end":{"line":24,"column":25}},"10":{"start":{"line":28,"column":8},"end":{"line":28,"column":31}},"11":{"start":{"line":34,"column":8},"end":{"line":34,"column":38}},"12":{"start":{"line":37,"column":22},"end":{"line":37,"column":35}},"13":{"start":{"line":38,"column":8},"end":{"line":38,"column":20}},"14":{"start":{"line":40,"column":8},"end":{"line":40,"column":21}},"15":{"start":{"line":43,"column":8},"end":{"line":43,"column":40}},"16":{"start":{"line":47,"column":8},"end":{"line":47,"column":71}},"17":{"start":{"line":47,"column":58},"end":{"line":47,"column":71}},"18":{"start":{"line":48,"column":24},"end":{"line":48,"column":49}},"19":{"start":{"line":49,"column":26},"end":{"line":49,"column":52}},"20":{"start":{"line":51,"column":8},"end":{"line":51,"column":48}},"21":{"start":{"line":55,"column":8},"end":{"line":55,"column":29}},"22":{"start":{"line":61,"column":8},"end":{"line":61,"column":39}},"23":{"start":{"line":65,"column":0},"end":{"line":65,"column":40}}},"fnMap":{"0":{"name":"(anonymous_0)","decl":{"start":{"line":14,"column":4},"end":{"line":14,"column":10}},"loc":{"start":{"line":14,"column":45},"end":{"line":16,"column":5}}},"1":{"name":"(anonymous_1)","decl":{"start":{"line":18,"column":4},"end":{"line":18,"column":10}},"loc":{"start":{"line":18,"column":30},"end":{"line":20,"column":5}}},"2":{"name":"(anonymous_2)","decl":{"start":{"line":22,"column":4},"end":{"line":22,"column":24}},"loc":{"start":{"line":22,"column":58},"end":{"line":25,"column":5}}},"3":{"name":"(anonymous_3)","decl":{"start":{"line":27,"column":4},"end":{"line":27,"column":9}},"loc":{"start":{"line":27,"column":16},"end":{"line":29,"column":5}}},"4":{"name":"(anonymous_4)","decl":{"start":{"line":30,"column":4},"end":{"line":30,"column":9}},"loc":{"start":{"line":30,"column":14},"end":{"line":32,"column":5}}},"5":{"name":"(anonymous_5)","decl":{"start":{"line":33,"column":4},"end":{"line":33,"column":9}},"loc":{"start":{"line":33,"column":16},"end":{"line":35,"column":5}}},"6":{"name":"(anonymous_6)","decl":{"start":{"line":36,"column":4},"end":{"line":36,"column":9}},"loc":{"start":{"line":36,"column":53},"end":{"line":41,"column":5}}},"7":{"name":"(anonymous_7)","decl":{"start":{"line":42,"column":4},"end":{"line":42,"column":9}},"loc":{"start":{"line":42,"column":53},"end":{"line":44,"column":5}}},"8":{"name":"(anonymous_8)","decl":{"start":{"line":46,"column":4},"end":{"line":46,"column":16}},"loc":{"start":{"line":46,"column":48},"end":{"line":52,"column":5}}},"9":{"name":"(anonymous_9)","decl":{"start":{"line":54,"column":4},"end":{"line":54,"column":9}},"loc":{"start":{"line":54,"column":14},"end":{"line":56,"column":5}}},"10":{"name":"(anonymous_10)","decl":{"start":{"line":57,"column":4},"end":{"line":57,"column":9}},"loc":{"start":{"line":57,"column":16},"end":{"line":59,"column":5}}},"11":{"name":"(anonymous_11)","decl":{"start":{"line":60,"column":4},"end":{"line":60,"column":13}},"loc":{"start":{"line":60,"column":13},"end":{"line":62,"column":5}}}},"branchMap":{"0":{"loc":{"start":{"line":22,"column":47},"end":{"line":22,"column":58}},"type":"default-arg","locations":[{"start":{"line":22,"column":56},"end":{"line":22,"column":58}}]},"1":{"loc":{"start":{"line":47,"column":8},"end":{"line":47,"column":71}},"type":"if","locations":[{"start":{"line":47,"column":8},"end":{"line":47,"column":71}}]}},"s":{"0":1,"1":1,"2":1,"3":0,"4":0,"5":0,"6":0,"7":0,"8":0,"9":0,"10":0,"11":0,"12":0,"13":0,"14":0,"15":0,"16":0,"17":0,"18":0,"19":0,"20":0,"21":0,"22":0,"23":1},"f":{"0":0,"1":0,"2":0,"3":0,"4":0,"5":0,"6":0,"7":0,"8":0,"9":0,"10":0,"11":0},"b":{"0":[0],"1":[0]}}
,"D:\\Workspace\\npm-library\\ac-storage\\src\\features\\accessors\\MetaAccessor\\MemDirectoryAccessor.ts": {"path":"D:\\Workspace\\npm-library\\ac-storage\\src\\features\\accessors\\MetaAccessor\\MemDirectoryAccessor.ts","statementMap":{"0":{"start":{"line":12,"column":8},"end":{"line":12,"column":20}},"1":{"start":{"line":19,"column":0},"end":{"line":19,"column":36}}},"fnMap":{"0":{"name":"(anonymous_0)","decl":{"start":{"line":6,"column":4},"end":{"line":6,"column":null}},"loc":{"start":{"line":6,"column":4},"end":{"line":8,"column":5}}},"1":{"name":"(anonymous_1)","decl":{"start":{"line":10,"column":4},"end":{"line":10,"column":10}},"loc":{"start":{"line":10,"column":10},"end":{"line":10,"column":15}}},"2":{"name":"(anonymous_2)","decl":{"start":{"line":11,"column":4},"end":{"line":11,"column":10}},"loc":{"start":{"line":11,"column":10},"end":{"line":13,"column":5}}},"3":{"name":"(anonymous_3)","decl":{"start":{"line":14,"column":4},"end":{"line":14,"column":8}},"loc":{"start":{"line":14,"column":35},"end":{"line":14,"column":39}}},"4":{"name":"(anonymous_4)","decl":{"start":{"line":15,"column":4},"end":{"line":15,"column":8}},"loc":{"start":{"line":15,"column":35},"end":{"line":15,"column":39}}},"5":{"name":"(anonymous_5)","decl":{"start":{"line":16,"column":4},"end":{"line":16,"column":8}},"loc":{"start":{"line":16,"column":8},"end":{"line":16,"column":13}}}},"branchMap":{},"s":{"0":0,"1":1},"f":{"0":0,"1":0,"2":0,"3":0,"4":0,"5":0},"b":{}}
,"D:\\Workspace\\npm-library\\ac-storage\\src\\features\\accessors\\MetaAccessor\\RootAccessorManager.ts": {"path":"D:\\Workspace\\npm-library\\ac-storage\\src\\features\\accessors\\MetaAccessor\\RootAccessorManager.ts","statementMap":{"0":{"start":{"line":4,"column":25},"end":{"line":4,"column":38}},"1":{"start":{"line":5,"column":16},"end":{"line":5,"column":33}},"2":{"start":{"line":6,"column":17},"end":{"line":6,"column":34}},"3":{"start":{"line":7,"column":17},"end":{"line":7,"column":19}},"4":{"start":{"line":10,"column":8},"end":{"line":10,"column":41}},"5":{"start":{"line":17,"column":21},"end":{"line":17,"column":34}},"6":{"start":{"line":21,"column":52},"end":{"line":21,"column":65}},"7":{"start":{"line":24,"column":18},"end":{"line":24,"column":31}},"8":{"start":{"line":27,"column":0},"end":{"line":27,"column":35}}},"fnMap":{"0":{"name":"(anonymous_0)","decl":{"start":{"line":9,"column":4},"end":{"line":9,"column":10}},"loc":{"start":{"line":9,"column":17},"end":{"line":11,"column":5}}},"1":{"name":"(anonymous_1)","decl":{"start":{"line":13,"column":4},"end":{"line":13,"column":27}},"loc":{"start":{"line":13,"column":4},"end":{"line":13,"column":28}}},"2":{"name":"(anonymous_2)","decl":{"start":{"line":15,"column":4},"end":{"line":15,"column":9}},"loc":{"start":{"line":15,"column":16},"end":{"line":15,"column":21}}},"3":{"name":"(anonymous_3)","decl":{"start":{"line":16,"column":4},"end":{"line":16,"column":9}},"loc":{"start":{"line":16,"column":14},"end":{"line":16,"column":19}}},"4":{"name":"(anonymous_4)","decl":{"start":{"line":17,"column":4},"end":{"line":17,"column":9}},"loc":{"start":{"line":17,"column":16},"end":{"line":17,"column":36}}},"5":{"name":"(anonymous_5)","decl":{"start":{"line":18,"column":4},"end":{"line":18,"column":9}},"loc":{"start":{"line":18,"column":41},"end":{"line":18,"column":45}}},"6":{"name":"(anonymous_6)","decl":{"start":{"line":19,"column":4},"end":{"line":19,"column":9}},"loc":{"start":{"line":19,"column":41},"end":{"line":19,"column":45}}},"7":{"name":"(anonymous_7)","decl":{"start":{"line":21,"column":4},"end":{"line":21,"column":16}},"loc":{"start":{"line":21,"column":48},"end":{"line":21,"column":67}}},"8":{"name":"(anonymous_8)","decl":{"start":{"line":22,"column":4},"end":{"line":22,"column":9}},"loc":{"start":{"line":22,"column":14},"end":{"line":22,"column":19}}},"9":{"name":"(anonymous_9)","decl":{"start":{"line":23,"column":4},"end":{"line":23,"column":9}},"loc":{"start":{"line":23,"column":16},"end":{"line":23,"column":21}}},"10":{"name":"(anonymous_10)","decl":{"start":{"line":24,"column":4},"end":{"line":24,"column":13}},"loc":{"start":{"line":24,"column":13},"end":{"line":24,"column":33}}}},"branchMap":{},"s":{"0":1,"1":1,"2":1,"3":1,"4":1,"5":0,"6":0,"7":2,"8":1},"f":{"0":1,"1":1,"2":0,"3":0,"4":0,"5":0,"6":0,"7":0,"8":0,"9":2,"10":2},"b":{}}
,"D:\\Workspace\\npm-library\\ac-storage\\src\\features\\accessors\\MetaAccessor\\index.ts": {"path":"D:\\Workspace\\npm-library\\ac-storage\\src\\features\\accessors\\MetaAccessor\\index.ts","statementMap":{"0":{"start":{"line":1,"column":0},"end":{"line":1,"column":9}},"1":{"start":{"line":1,"column":9},"end":{"line":1,"column":39}},"2":{"start":{"line":2,"column":0},"end":{"line":2,"column":9}},"3":{"start":{"line":2,"column":9},"end":{"line":2,"column":44}},"4":{"start":{"line":3,"column":0},"end":{"line":3,"column":9}},"5":{"start":{"line":3,"column":9},"end":{"line":3,"column":37}}},"fnMap":{"0":{"name":"(anonymous_0)","decl":{"start":{"line":1,"column":9},"end":{"line":1,"column":16}},"loc":{"start":{"line":1,"column":9},"end":{"line":1,"column":39}}},"1":{"name":"(anonymous_1)","decl":{"start":{"line":2,"column":9},"end":{"line":2,"column":16}},"loc":{"start":{"line":2,"column":9},"end":{"line":2,"column":44}}},"2":{"name":"(anonymous_2)","decl":{"start":{"line":3,"column":9},"end":{"line":3,"column":16}},"loc":{"start":{"line":3,"column":9},"end":{"line":3,"column":37}}}},"branchMap":{},"s":{"0":1,"1":2,"2":1,"3":1,"4":1,"5":1},"f":{"0":1,"1":0,"2":0},"b":{}}
,"D:\\Workspace\\npm-library\\ac-storage\\src\\features\\accessors\\TextAccessor\\MemTextAccessor.ts": {"path":"D:\\Workspace\\npm-library\\ac-storage\\src\\features\\accessors\\TextAccessor\\MemTextAccessor.ts","statementMap":{"0":{"start":{"line":5,"column":23},"end":{"line":5,"column":28}},"1":{"start":{"line":6,"column":23},"end":{"line":6,"column":25}},"2":{"start":{"line":9,"column":8},"end":{"line":9,"column":21}},"3":{"start":{"line":12,"column":8},"end":{"line":12,"column":30}},"4":{"start":{"line":15,"column":8},"end":{"line":15,"column":31}},"5":{"start":{"line":18,"column":8},"end":{"line":18,"column":30}},"6":{"start":{"line":22,"column":20},"end":{"line":22,"column":41}},"7":{"start":{"line":23,"column":19},"end":{"line":23,"column":40}},"8":{"start":{"line":26,"column":0},"end":{"line":26,"column":31}}},"fnMap":{"0":{"name":"(anonymous_0)","decl":{"start":{"line":8,"column":4},"end":{"line":8,"column":9}},"loc":{"start":{"line":8,"column":25},"end":{"line":10,"column":5}}},"1":{"name":"(anonymous_1)","decl":{"start":{"line":11,"column":4},"end":{"line":11,"column":9}},"loc":{"start":{"line":11,"column":27},"end":{"line":13,"column":5}}},"2":{"name":"(anonymous_2)","decl":{"start":{"line":14,"column":4},"end":{"line":14,"column":9}},"loc":{"start":{"line":14,"column":28},"end":{"line":16,"column":5}}},"3":{"name":"(anonymous_3)","decl":{"start":{"line":17,"column":4},"end":{"line":17,"column":9}},"loc":{"start":{"line":17,"column":14},"end":{"line":19,"column":5}}},"4":{"name":"(anonymous_4)","decl":{"start":{"line":21,"column":4},"end":{"line":21,"column":9}},"loc":{"start":{"line":21,"column":14},"end":{"line":21,"column":19}}},"5":{"name":"(anonymous_5)","decl":{"start":{"line":22,"column":4},"end":{"line":22,"column":8}},"loc":{"start":{"line":22,"column":15},"end":{"line":22,"column":43}}},"6":{"name":"(anonymous_6)","decl":{"start":{"line":23,"column":4},"end":{"line":23,"column":9}},"loc":{"start":{"line":23,"column":14},"end":{"line":23,"column":42}}}},"branchMap":{},"s":{"0":0,"1":0,"2":0,"3":0,"4":0,"5":0,"6":0,"7":0,"8":1},"f":{"0":0,"1":0,"2":0,"3":0,"4":0,"5":0,"6":0},"b":{}}
,"D:\\Workspace\\npm-library\\ac-storage\\src\\features\\accessors\\TextAccessor\\TextAccessor.ts": {"path":"D:\\Workspace\\npm-library\\ac-storage\\src\\features\\accessors\\TextAccessor\\TextAccessor.ts","statementMap":{"0":{"start":{"line":1,"column":0},"end":{"line":1,"column":37}},"1":{"start":{"line":2,"column":0},"end":{"line":2,"column":39}},"2":{"start":{"line":4,"column":0},"end":{"line":4,"column":42}},"3":{"start":{"line":8,"column":23},"end":{"line":8,"column":28}},"4":{"start":{"line":11,"column":8},"end":{"line":11,"column":34}},"5":{"start":{"line":15,"column":8},"end":{"line":18,"column":null}},"6":{"start":{"line":21,"column":8},"end":{"line":21,"column":33}},"7":{"start":{"line":22,"column":8},"end":{"line":22,"column":49}},"8":{"start":{"line":25,"column":8},"end":{"line":25,"column":33}},"9":{"start":{"line":26,"column":8},"end":{"line":26,"column":50}},"10":{"start":{"line":29,"column":8},"end":{"line":29,"column":33}},"11":{"start":{"line":31,"column":8},"end":{"line":36,"column":9}},"12":{"start":{"line":32,"column":12},"end":{"line":32,"column":66}},"13":{"start":{"line":35,"column":12},"end":{"line":35,"column":22}},"14":{"start":{"line":40,"column":8},"end":{"line":40,"column":33}},"15":{"start":{"line":42,"column":8},"end":{"line":44,"column":9}},"16":{"start":{"line":43,"column":12},"end":{"line":43,"column":51}},"17":{"start":{"line":48,"column":8},"end":{"line":48,"column":33}},"18":{"start":{"line":48,"column":26},"end":{"line":48,"column":33}},"19":{"start":{"line":50,"column":8},"end":{"line":50,"column":53}},"20":{"start":{"line":51,"column":8},"end":{"line":51,"column":29}},"21":{"start":{"line":54,"column":8},"end":{"line":54,"column":29}},"22":{"start":{"line":57,"column":8},"end":{"line":59,"column":9}},"23":{"start":{"line":58,"column":12},"end":{"line":58,"column":70}},"24":{"start":{"line":63,"column":0},"end":{"line":63,"column":28}}},"fnMap":{"0":{"name":"(anonymous_0)","decl":{"start":{"line":10,"column":4},"end":{"line":10,"column":16}},"loc":{"start":{"line":10,"column":31},"end":{"line":12,"column":5}}},"1":{"name":"(anonymous_1)","decl":{"start":{"line":14,"column":4},"end":{"line":14,"column":9}},"loc":{"start":{"line":14,"column":25},"end":{"line":19,"column":5}}},"2":{"name":"(anonymous_2)","decl":{"start":{"line":20,"column":4},"end":{"line":20,"column":9}},"loc":{"start":{"line":20,"column":27},"end":{"line":23,"column":5}}},"3":{"name":"(anonymous_3)","decl":{"start":{"line":24,"column":4},"end":{"line":24,"column":9}},"loc":{"start":{"line":24,"column":28},"end":{"line":27,"column":5}}},"4":{"name":"(anonymous_4)","decl":{"start":{"line":28,"column":4},"end":{"line":28,"column":9}},"loc":{"start":{"line":28,"column":14},"end":{"line":37,"column":5}}},"5":{"name":"(anonymous_5)","decl":{"start":{"line":39,"column":4},"end":{"line":39,"column":9}},"loc":{"start":{"line":39,"column":14},"end":{"line":45,"column":5}}},"6":{"name":"(anonymous_6)","decl":{"start":{"line":47,"column":4},"end":{"line":47,"column":9}},"loc":{"start":{"line":47,"column":14},"end":{"line":52,"column":5}}},"7":{"name":"(anonymous_7)","decl":{"start":{"line":53,"column":4},"end":{"line":53,"column":8}},"loc":{"start":{"line":53,"column":15},"end":{"line":55,"column":5}}}},"branchMap":{"0":{"loc":{"start":{"line":16,"column":12},"end":{"line":17,"column":55}},"type":"binary-expr","locations":[{"start":{"line":16,"column":12},"end":{"line":16,"column":38}},{"start":{"line":17,"column":15},"end":{"line":17,"column":55}}]},"1":{"loc":{"start":{"line":31,"column":8},"end":{"line":36,"column":9}},"type":"if","locations":[{"start":{"line":31,"column":8},"end":{"line":36,"column":9}},{"start":{"line":34,"column":13},"end":{"line":36,"column":9}}]},"2":{"loc":{"start":{"line":42,"column":8},"end":{"line":44,"column":9}},"type":"if","locations":[{"start":{"line":42,"column":8},"end":{"line":44,"column":9}}]},"3":{"loc":{"start":{"line":48,"column":8},"end":{"line":48,"column":33}},"type":"if","locations":[{"start":{"line":48,"column":8},"end":{"line":48,"column":33}}]},"4":{"loc":{"start":{"line":57,"column":8},"end":{"line":59,"column":9}},"type":"if","locations":[{"start":{"line":57,"column":8},"end":{"line":59,"column":9}}]}},"s":{"0":1,"1":1,"2":1,"3":0,"4":0,"5":0,"6":0,"7":0,"8":0,"9":0,"10":0,"11":0,"12":0,"13":0,"14":0,"15":0,"16":0,"17":0,"18":0,"19":0,"20":0,"21":0,"22":0,"23":0,"24":1},"f":{"0":0,"1":0,"2":0,"3":0,"4":0,"5":0,"6":0,"7":0},"b":{"0":[0,0],"1":[0,0],"2":[0],"3":[0],"4":[0]}}
,"D:\\Workspace\\npm-library\\ac-storage\\src\\features\\accessors\\TextAccessor\\TextAccessorManager.ts": {"path":"D:\\Workspace\\npm-library\\ac-storage\\src\\features\\accessors\\TextAccessor\\TextAccessorManager.ts","statementMap":{"0":{"start":{"line":1,"column":0},"end":{"line":1,"column":42}},"1":{"start":{"line":2,"column":0},"end":{"line":2,"column":48}},"2":{"start":{"line":8,"column":16},"end":{"line":8,"column":33}},"3":{"start":{"line":9,"column":17},"end":{"line":9,"column":34}},"4":{"start":{"line":12,"column":8},"end":{"line":12,"column":69}},"5":{"start":{"line":16,"column":8},"end":{"line":16,"column":62}},"6":{"start":{"line":20,"column":8},"end":{"line":20,"column":33}},"7":{"start":{"line":30,"column":8},"end":{"line":30,"column":47}},"8":{"start":{"line":34,"column":22},"end":{"line":34,"column":36}},"9":{"start":{"line":35,"column":8},"end":{"line":35,"column":20}},"10":{"start":{"line":37,"column":8},"end":{"line":37,"column":21}},"11":{"start":{"line":40,"column":8},"end":{"line":42,"column":9}},"12":{"start":{"line":41,"column":12},"end":{"line":41,"column":65}},"13":{"start":{"line":43,"column":8},"end":{"line":43,"column":55}},"14":{"start":{"line":47,"column":8},"end":{"line":47,"column":52}},"15":{"start":{"line":51,"column":8},"end":{"line":51,"column":35}},"16":{"start":{"line":54,"column":8},"end":{"line":54,"column":35}},"17":{"start":{"line":57,"column":8},"end":{"line":57,"column":37}},"18":{"start":{"line":61,"column":0},"end":{"line":61,"column":35}}},"fnMap":{"0":{"name":"(anonymous_0)","decl":{"start":{"line":11,"column":4},"end":{"line":11,"column":10}},"loc":{"start":{"line":11,"column":35},"end":{"line":13,"column":5}}},"1":{"name":"(anonymous_1)","decl":{"start":{"line":15,"column":4},"end":{"line":15,"column":10}},"loc":{"start":{"line":15,"column":21},"end":{"line":17,"column":5}}},"2":{"name":"(anonymous_2)","decl":{"start":{"line":19,"column":4},"end":{"line":19,"column":24}},"loc":{"start":{"line":19,"column":46},"end":{"line":21,"column":5}}},"3":{"name":"(anonymous_3)","decl":{"start":{"line":23,"column":4},"end":{"line":23,"column":9}},"loc":{"start":{"line":23,"column":16},"end":{"line":25,"column":5}}},"4":{"name":"(anonymous_4)","decl":{"start":{"line":26,"column":4},"end":{"line":26,"column":9}},"loc":{"start":{"line":26,"column":14},"end":{"line":28,"column":5}}},"5":{"name":"(anonymous_5)","decl":{"start":{"line":29,"column":4},"end":{"line":29,"column":10}},"loc":{"start":{"line":29,"column":10},"end":{"line":31,"column":5}}},"6":{"name":"(anonymous_6)","decl":{"start":{"line":33,"column":4},"end":{"line":33,"column":9}},"loc":{"start":{"line":33,"column":50},"end":{"line":38,"column":5}}},"7":{"name":"(anonymous_7)","decl":{"start":{"line":39,"column":4},"end":{"line":39,"column":9}},"loc":{"start":{"line":39,"column":50},"end":{"line":44,"column":5}}},"8":{"name":"(anonymous_8)","decl":{"start":{"line":46,"column":4},"end":{"line":46,"column":16}},"loc":{"start":{"line":46,"column":48},"end":{"line":48,"column":5}}},"9":{"name":"(anonymous_9)","decl":{"start":{"line":50,"column":4},"end":{"line":50,"column":9}},"loc":{"start":{"line":50,"column":14},"end":{"line":52,"column":5}}},"10":{"name":"(anonymous_10)","decl":{"start":{"line":53,"column":4},"end":{"line":53,"column":9}},"loc":{"start":{"line":53,"column":16},"end":{"line":55,"column":5}}},"11":{"name":"(anonymous_11)","decl":{"start":{"line":56,"column":4},"end":{"line":56,"column":13}},"loc":{"start":{"line":56,"column":13},"end":{"line":58,"column":5}}}},"branchMap":{"0":{"loc":{"start":{"line":40,"column":8},"end":{"line":42,"column":9}},"type":"if","locations":[{"start":{"line":40,"column":8},"end":{"line":42,"column":9}}]}},"s":{"0":1,"1":1,"2":0,"3":0,"4":0,"5":0,"6":0,"7":0,"8":0,"9":0,"10":0,"11":0,"12":0,"13":0,"14":0,"15":0,"16":0,"17":0,"18":1},"f":{"0":0,"1":0,"2":0,"3":0,"4":0,"5":0,"6":0,"7":0,"8":0,"9":0,"10":0,"11":0},"b":{"0":[0]}}
[...]
oc":{"start":{"line":256,"column":37},"end":{"line":260,"column":5}}},"22":{"name":"(anonymous_22)","decl":{"start":{"line":262,"column":4},"end":{"line":262,"column":9}},"loc":{"start":{"line":262,"column":19},"end":{"line":264,"column":5}}}},"branchMap":{"0":{"loc":{"start":{"line":42,"column":33},"end":{"line":42,"column":58}},"type":"default-arg","locations":[{"start":{"line":42,"column":56},"end":{"line":42,"column":58}}]},"1":{"loc":{"start":{"line":46,"column":23},"end":{"line":46,"column":46}},"type":"binary-expr","locations":[{"start":{"line":46,"column":23},"end":{"line":46,"column":37}},{"start":{"line":46,"column":41},"end":{"line":46,"column":46}}]},"2":{"loc":{"start":{"line":47,"column":25},"end":{"line":47,"column":57}},"type":"binary-expr","locations":[{"start":{"line":47,"column":25},"end":{"line":47,"column":41}},{"start":{"line":47,"column":45},"end":{"line":47,"column":57}}]},"3":{"loc":{"start":{"line":53,"column":8},"end":{"line":53,"column":44}},"type":"if","locations":[{"start":{"line":53,"column":8},"end":{"line":53,"column":44}}]},"4":{"loc":{"start":{"line":79,"column":12},"end":{"line":81,"column":13}},"type":"if","locations":[{"start":{"line":79,"column":12},"end":{"line":81,"column":13}}]},"5":{"loc":{"start":{"line":79,"column":16},"end":{"line":79,"column":54}},"type":"binary-expr","locations":[{"start":{"line":79,"column":16},"end":{"line":79,"column":33}},{"start":{"line":79,"column":37},"end":{"line":79,"column":54}}]},"6":{"loc":{"start":{"line":84,"column":12},"end":{"line":114,"column":13}},"type":"switch","locations":[{"start":{"line":85,"column":16},"end":{"line":87,"column":26}},{"start":{"line":88,"column":16},"end":{"line":90,"column":26}},{"start":{"line":91,"column":16},"end":{"line":93,"column":26}},{"start":{"line":94,"column":16},"end":{"line":96,"column":26}},{"start":{"line":97,"column":16},"end":{"line":109,"column":26}},{"start":{"line":110,"column":16},"end":{"line":113,"column":26}}]},"7":{"loc":{"start":{"line":99,"column":20},"end":{"line":101,"column":21}},"type":"if","locations":[{"start":{"line":99,"column":20},"end":{"line":101,"column":21}}]},"8":{"loc":{"start":{"line":115,"column":12},"end":{"line":116,"column":34}},"type":"if","locations":[{"start":{"line":115,"column":12},"end":{"line":116,"column":34}},{"start":{"line":116,"column":17},"end":{"line":116,"column":34}}]},"9":{"loc":{"start":{"line":118,"column":43},"end":{"line":118,"column":93}},"type":"cond-expr","locations":[{"start":{"line":118,"column":72},"end":{"line":118,"column":85}},{"start":{"line":118,"column":88},"end":{"line":118,"column":93}}]},"10":{"loc":{"start":{"line":124,"column":12},"end":{"line":124,"column":34}},"type":"if","locations":[{"start":{"line":124,"column":12},"end":{"line":124,"column":34}}]},"11":{"loc":{"start":{"line":129,"column":12},"end":{"line":129,"column":42}},"type":"if","locations":[{"start":{"line":129,"column":12},"end":{"line":129,"column":42}}]},"12":{"loc":{"start":{"line":132,"column":12},"end":{"line":132,"column":61}},"type":"if","locations":[{"start":{"line":132,"column":12},"end":{"line":132,"column":61}}]},"13":{"loc":{"start":{"line":140,"column":12},"end":{"line":142,"column":13}},"type":"if","locations":[{"start":{"line":140,"column":12},"end":{"line":142,"column":13}}]},"14":{"loc":{"start":{"line":153,"column":8},"end":{"line":160,"column":9}},"type":"switch","locations":[{"start":{"line":154,"column":12},"end":{"line":156,"column":22}},{"start":{"line":157,"column":12},"end":{"line":159,"column":22}}]},"15":{"loc":{"start":{"line":173,"column":8},"end":{"line":175,"column":9}},"type":"if","locations":[{"start":{"line":173,"column":8},"end":{"line":175,"column":9}}]},"16":{"loc":{"start":{"line":173,"column":12},"end":{"line":173,"column":68}},"type":"binary-expr","locations":[{"start":{"line":173,"column":12},"end":{"line":173,"column":35}},{"start":{"line":173,"column":39},"end":{"line":173,"column":68}}]},"17":{"loc":{"start":{"line":220,"column":8},"end":{"line":235,"column":9}},"type":"if","locations":[{"start":{"line":220,"column":8},"end":{"line":235,"column":9}},{"start":{"line":233,"column":13},"end":{"line":235,"column":9}}]},"18":{"loc":{"start":{"line":221,"column":12},"end":{"line":231,"column":13}},"type":"if","locations":[{"start":{"line":221,"column":12},"end":{"line":231,"column":13}},{"start":{"line":229,"column":17},"end":{"line":231,"column":13}}]},"19":{"loc":{"start":{"line":224,"column":16},"end":{"line":226,"column":17}},"type":"if","locations":[{"start":{"line":224,"column":16},"end":{"line":226,"column":17}}]},"20":{"loc":{"start":{"line":233,"column":13},"end":{"line":235,"column":9}},"type":"if","locations":[{"start":{"line":233,"column":13},"end":{"line":235,"column":9}}]},"21":{"loc":{"start":{"line":233,"column":17},"end":{"line":233,"column":49}},"type":"binary-expr","locations":[{"start":{"line":233,"column":17},"end":{"line":233,"column":30}},{"start":{"line":233,"column":34},"end":{"line":233,"column":49}}]},"22":{"loc":{"start":{"line":241,"column":8},"end":{"line":243,"column":9}},"type":"if","locations":[{"start":{"line":241,"column":8},"end":{"line":243,"column":9}}]},"23":{"loc":{"start":{"line":256,"column":17},"end":{"line":256,"column":37}},"type":"default-arg","locations":[{"start":{"line":256,"column":35},"end":{"line":256,"column":37}}]},"24":{"loc":{"start":{"line":259,"column":8},"end":{"line":259,"column":44}},"type":"if","locations":[{"start":{"line":259,"column":8},"end":{"line":259,"column":44}}]},"25":{"loc":{"start":{"line":268,"column":8},"end":{"line":268,"column":30}},"type":"if","locations":[{"start":{"line":268,"column":8},"end":{"line":268,"column":30}}]},"26":{"loc":{"start":{"line":274,"column":8},"end":{"line":274,"column":53}},"type":"if","locations":[{"start":{"line":274,"column":8},"end":{"line":274,"column":53}}]}},"s":{"0":1,"1":1,"2":1,"3":1,"4":1,"5":1,"6":1,"7":1,"8":1,"9":1,"10":1,"11":1,"12":1,"13":1,"14":1,"15":1,"16":1,"17":1,"18":1,"19":1,"20":1,"21":0,"22":2,"23":2,"24":1,"25":3,"26":3,"27":3,"28":3,"29":1,"30":2,"31":0,"32":0,"33":2,"34":2,"35":0,"36":0,"37":0,"38":0,"39":0,"40":0,"41":0,"42":0,"43":0,"44":0,"45":0,"46":0,"47":2,"48":2,"49":0,"50":2,"51":2,"52":2,"53":1,"54":3,"55":3,"56":0,"57":3,"58":2,"59":2,"60":0,"61":2,"62":2,"63":1,"64":1,"65":1,"66":1,"67":3,"68":3,"69":3,"70":1,"71":0,"72":0,"73":0,"74":0,"75":0,"76":1,"77":0,"78":0,"79":0,"80":0,"81":0,"82":1,"83":1,"84":0,"85":0,"86":0,"87":0,"88":1,"89":1,"90":1,"91":1,"92":1,"93":0,"94":0,"95":0,"96":0,"97":0,"98":0,"99":1,"100":0,"101":1,"102":0,"103":0,"104":0,"105":0,"106":1,"107":2,"108":2,"109":2,"110":0,"111":5,"112":5,"113":0,"114":5,"115":3,"116":5,"117":4,"118":1},"f":{"0":1,"1":1,"2":2,"3":1,"4":3,"5":3,"6":3,"7":0,"8":1,"9":0,"10":0,"11":1,"12":1,"13":0,"14":0,"15":0,"16":1,"17":1,"18":0,"19":0,"20":1,"21":2,"22":0},"b":{"0":[1],"1":[1,1],"2":[1,1],"3":[1],"4":[1],"5":[3,1],"6":[0,2,0,0,0,0],"7":[0],"8":[2,0],"9":[2,0],"10":[0],"11":[0],"12":[1],"13":[3],"14":[0,0],"15":[0],"16":[0,0],"17":[0,1],"18":[0,0],"19":[0],"20":[0],"21":[1,0],"22":[0],"23":[2],"24":[2],"25":[0],"26":[4]}}
,"D:\\Workspace\\npm-library\\ac-storage\\src\\features\\storage\\ACSubStorage.ts": {"path":"D:\\Workspace\\npm-library\\ac-storage\\src\\features\\storage\\ACSubStorage.ts","statementMap":{"0":{"start":{"line":10,"column":8},"end":{"line":10,"column":30}},"1":{"start":{"line":11,"column":8},"end":{"line":11,"column":30}},"2":{"start":{"line":15,"column":8},"end":{"line":15,"column":72}},"3":{"start":{"line":19,"column":8},"end":{"line":19,"column":86}},"4":{"start":{"line":22,"column":8},"end":{"line":22,"column":70}},"5":{"start":{"line":25,"column":8},"end":{"line":25,"column":70}},"6":{"start":{"line":28,"column":8},"end":{"line":28,"column":74}},"7":{"start":{"line":31,"column":8},"end":{"line":31,"column":104}},"8":{"start":{"line":34,"column":8},"end":{"line":34,"column":104}},"9":{"start":{"line":38,"column":8},"end":{"line":38,"column":60}},"10":{"start":{"line":42,"column":8},"end":{"line":42,"column":57}},"11":{"start":{"line":46,"column":8},"end":{"line":46,"column":41}},"12":{"start":{"line":50,"column":8},"end":{"line":50,"column":67}},"13":{"start":{"line":54,"column":8},"end":{"line":54,"column":48}},"14":{"start":{"line":58,"column":0},"end":{"line":58,"column":28}}},"fnMap":{"0":{"name":"(anonymous_0)","decl":{"start":{"line":9,"column":4},"end":{"line":9,"column":16}},"loc":{"start":{"line":9,"column":51},"end":{"line":12,"column":5}}},"1":{"name":"(anonymous_1)","decl":{"start":{"line":14,"column":4},"end":{"line":14,"column":14}},"loc":{"start":{"line":14,"column":32},"end":{"line":16,"column":5}}},"2":{"name":"(anonymous_2)","decl":{"start":{"line":18,"column":4},"end":{"line":18,"column":9}},"loc":{"start":{"line":18,"column":53},"end":{"line":20,"column":5}}},"3":{"name":"(anonymous_3)","decl":{"start":{"line":21,"column":4},"end":{"line":21,"column":9}},"loc":{"start":{"line":21,"column":40},"end":{"line":23,"column":5}}},"4":{"name":"(anonymous_4)","decl":{"start":{"line":24,"column":4},"end":{"line":24,"column":9}},"loc":{"start":{"line":24,"column":40},"end":{"line":26,"column":5}}},"5":{"name":"(anonymous_5)","decl":{"start":{"line":27,"column":4},"end":{"line":27,"column":9}},"loc":{"start":{"line":27,"column":42},"end":{"line":29,"column":5}}},"6":{"name":"(anonymous_6)","decl":{"start":{"line":30,"column":4},"end":{"line":30,"column":9}},"loc":{"start":{"line":30,"column":57},"end":{"line":32,"column":5}}},"7":{"name":"(anonymous_7)","decl":{"start":{"line":33,"column":4},"end":{"line":33,"column":9}},"loc":{"start":{"line":33,"column":57},"end":{"line":35,"column":5}}},"8":{"name":"(anonymous_8)","decl":{"start":{"line":37,"column":4},"end":{"line":37,"column":9}},"loc":{"start":{"line":37,"column":35},"end":{"line":39,"column":5}}},"9":{"name":"(anonymous_9)","decl":{"start":{"line":41,"column":4},"end":{"line":41,"column":9}},"loc":{"start":{"line":41,"column":32},"end":{"line":43,"column":5}}},"10":{"name":"(anonymous_10)","decl":{"start":{"line":45,"column":4},"end":{"line":45,"column":9}},"loc":{"start":{"line":45,"column":17},"end":{"line":47,"column":5}}},"11":{"name":"(anonymous_11)","decl":{"start":{"line":49,"column":4},"end":{"line":49,"column":9}},"loc":{"start":{"line":49,"column":37},"end":{"line":51,"column":5}}},"12":{"name":"(anonymous_12)","decl":{"start":{"line":53,"column":4},"end":{"line":53,"column":9}},"loc":{"start":{"line":53,"column":19},"end":{"line":55,"column":5}}}},"branchMap":{"0":{"loc":{"start":{"line":49,"column":17},"end":{"line":49,"column":37}},"type":"default-arg","locations":[{"start":{"line":49,"column":35},"end":{"line":49,"column":37}}]}},"s":{"0":0,"1":0,"2":0,"3":0,"4":0,"5":0,"6":0,"7":0,"8":0,"9":0,"10":0,"11":0,"12":0,"13":0,"14":1},"f":{"0":0,"1":0,"2":0,"3":0,"4":0,"5":0,"6":0,"7":0,"8":0,"9":0,"10":0,"11":0,"12":0},"b":{"0":[0]}}
,"D:\\Workspace\\npm-library\\ac-storage\\src\\features\\storage\\MemACStorage.ts": {"path":"D:\\Workspace\\npm-library\\ac-storage\\src\\features\\storage\\MemACStorage.ts","statementMap":{"0":{"start":{"line":1,"column":0},"end":{"line":1,"column":168}},"1":{"start":{"line":3,"column":0},"end":{"line":3,"column":65}},"2":{"start":{"line":4,"column":0},"end":{"line":4,"column":40}},"3":{"start":{"line":5,"column":0},"end":{"line":5,"column":36}},"4":{"start":{"line":9,"column":8},"end":{"line":9,"column":37}},"5":{"start":{"line":13,"column":25},"end":{"line":59,"column":9}},"6":{"start":{"line":14,"column":12},"end":{"line":14,"column":57}},"7":{"start":{"line":16,"column":23},"end":{"line":16,"column":53}},"8":{"start":{"line":17,"column":12},"end":{"line":19,"column":13}},"9":{"start":{"line":18,"column":16},"end":{"line":18,"column":28}},"10":{"start":{"line":22,"column":12},"end":{"line":52,"column":13}},"11":{"start":{"line":24,"column":20},"end":{"line":24,"column":71}},"12":{"start":{"line":25,"column":20},"end":{"line":25,"column":26}},"13":{"start":{"line":27,"column":20},"end":{"line":27,"column":71}},"14":{"start":{"line":28,"column":20},"end":{"line":28,"column":26}},"15":{"start":{"line":30,"column":20},"end":{"line":30,"column":61}},"16":{"start":{"line":31,"column":20},"end":{"line":31,"column":26}},"17":{"start":{"line":33,"column":20},"end":{"line":33,"column":59}},"18":{"start":{"line":34,"column":20},"end":{"line":34,"column":26}},"19":{"start":{"line":36,"column":34},"end":{"line":36,"column":64}},"20":{"start":{"line":37,"column":20},"end":{"line":39,"column":21}},"21":{"start":{"line":38,"column":24},"end":{"line":38,"column":70}},"22":{"start":{"line":40,"column":31},"end":{"line":40,"column":66}},"23":{"start":{"line":41,"column":20},"end":{"line":46,"column":23}},"24":{"start":{"line":47,"column":20},"end":{"line":47,"column":26}},"25":{"start":{"line":50,"column":20},"end":{"line":50,"column":66}},"26":{"start":{"line":51,"column":20},"end":{"line":51,"column":26}},"27":{"start":{"line":53,"column":12},"end":{"line":54,"column":28}},"28":{"start":{"line":53,"column":31},"end":{"line":53,"column":44}},"29":{"start":{"line":54,"column":17},"end":{"line":54,"column":28}},"30":{"start":{"line":56,"column":12},"end":{"line":56,"column":94}},"31":{"start":{"line":57,"column":12},"end":{"line":57,"column":48}},"32":{"start":{"line":58,"column":12},"end":{"line":58,"column":23}},"33":{"start":{"line":60,"column":26},"end":{"line":74,"column":9}},"34":{"start":{"line":61,"column":29},"end":{"line":61,"column":59}},"35":{"start":{"line":62,"column":12},"end":{"line":62,"column":34}},"36":{"start":{"line":62,"column":27},"end":{"line":62,"column":34}},"37":{"start":{"line":64,"column":12},"end":{"line":66,"column":13}},"38":{"start":{"line":65,"column":16},"end":{"line":65,"column":39}},"39":{"start":{"line":67,"column":12},"end":{"line":67,"column":42}},"40":{"start":{"line":67,"column":35},"end":{"line":67,"column":42}},"41":{"start":{"line":68,"column":12},"end":{"line":68,"column":54}},"42":{"start":{"line":70,"column":12},"end":{"line":70,"column":55}},"43":{"start":{"line":70,"column":39},"end":{"line":70,"column":55}},"44":{"start":{"line":72,"column":12},"end":{"line":72,"column":48}},"45":{"start":{"line":73,"column":12},"end":{"line":73,"column":46}},"46":{"start":{"line":75,"column":34},"end":{"line":81,"column":9}},"47":{"start":{"line":76,"column":30},"end":{"line":76,"column":61}},"48":{"start":{"line":78,"column":12},"end":{"line":80,"column":13}},"49":{"start":{"line":79,"column":16},"end":{"line":79,"column":54}},"50":{"start":{"line":83,"column":8},"end":{"line":87,"column":11}},"51":{"start":{"line":91,"column":0},"end":{"line":91,"column":28}}},"fnMap":{"0":{"name":"(anonymous_0)","decl":{"start":{"line":8,"column":4},"end":{"line":8,"column":null}},"loc":{"start":{"line":8,"column":4},"end":{"line":10,"column":5}}},"1":{"name":"(anonymous_1)","decl":{"start":{"line":12,"column":13},"end":{"line":12,"column":30}},"loc":{"start":{"line":12,"column":30},"end":{"line":88,"column":5}}},"2":{"name":"(anonymous_2)","decl":{"start":{"line":13,"column":25},"end":{"line":13,"column":30}},"loc":{"start":{"line":13,"column":66},"end":{"line":59,"column":9}}},"3":{"name":"(anonymous_3)","decl":{"start":{"line":60,"column":26},"end":{"line":60,"column":31}},"loc":{"start":{"line":60,"column":54},"end":{"line":74,"column":9}}},"4":{"name":"(anonymous_4)","decl":{"start":{"line":75,"column":34},"end":{"line":75,"column":35}},"loc":{"start":{"line":75,"column":78},"end":{"line":81,"column":9}}}},"branchMap":{"0":{"loc":{"start":{"line":17,"column":12},"end":{"line":19,"column":13}},"type":"if","locations":[{"start":{"line":17,"column":12},"end":{"line":19,"column":13}}]},"1":{"loc":{"start":{"line":17,"column":16},"end":{"line":17,"column":54}},"type":"binary-expr","locations":[{"start":{"line":17,"column":16},"end":{"line":17,"column":33}},{"start":{"line":17,"column":37},"end":{"line":17,"column":54}}]},"2":{"loc":{"start":{"line":22,"column":12},"end":{"line":52,"column":13}},"type":"switch","locations":[{"start":{"line":23,"column":16},"end":{"line":25,"column":26}},{"start":{"line":26,"column":16},"end":{"line":28,"column":26}},{"start":{"line":29,"column":16},"end":{"line":31,"column":26}},{"start":{"line":32,"column":16},"end":{"line":34,"column":26}},{"start":{"line":35,"column":16},"end":{"line":47,"column":26}},{"start":{"line":48,"column":16},"end":{"line":51,"column":26}}]},"3":{"loc":{"start":{"line":37,"column":20},"end":{"line":39,"column":21}},"type":"if","locations":[{"start":{"line":37,"column":20},"end":{"line":39,"column":21}}]},"4":{"loc":{"start":{"line":53,"column":12},"end":{"line":54,"column":28}},"type":"if","locations":[{"start":{"line":53,"column":12},"end":{"line":54,"column":28}},{"start":{"line":54,"column":17},"end":{"line":54,"column":28}}]},"5":{"loc":{"start":{"line":56,"column":43},"end":{"line":56,"column":93}},"type":"cond-expr","locations":[{"start":{"line":56,"column":72},"end":{"line":56,"column":85}},{"start":{"line":56,"column":88},"end":{"line":56,"column":93}}]},"6":{"loc":{"start":{"line":62,"column":12},"end":{"line":62,"column":34}},"type":"if","locations":[{"start":{"line":62,"column":12},"end":{"line":62,"column":34}}]},"7":{"loc":{"start":{"line":67,"column":12},"end":{"line":67,"column":42}},"type":"if","locations":[{"start":{"line":67,"column":12},"end":{"line":67,"column":42}}]},"8":{"loc":{"start":{"line":70,"column":12},"end":{"line":70,"column":55}},"type":"if","locations":[{"start":{"line":70,"column":12},"end":{"line":70,"column":55}}]},"9":{"loc":{"start":{"line":78,"column":12},"end":{"line":80,"column":13}},"type":"if","locations":[{"start":{"line":78,"column":12},"end":{"line":80,"column":13}}]}},"s":{"0":1,"1":1,"2":1,"3":1,"4":0,"5":0,"6":0,"7":0,"8":0,"9":0,"10":0,"11":0,"12":0,"13":0,"14":0,"15":0,"16":0,"17":0,"18":0,"19":0,"20":0,"21":0,"22":0,"23":0,"24":0,"25":0,"26":0,"27":0,"28":0,"29":0,"30":0,"31":0,"32":0,"33":0,"34":0,"35":0,"36":0,"37":0,"38":0,"39":0,"40":0,"41":0,"42":0,"43":0,"44":0,"45":0,"46":0,"47":0,"48":0,"49":0,"50":0,"51":1},"f":{"0":0,"1":0,"2":0,"3":0,"4":0},"b":{"0":[0],"1":[0,0],"2":[0,0,0,0,0,0],"3":[0],"4":[0,0],"5":[0,0],"6":[0],"7":[0],"8":[0],"9":[0]}}
,"D:\\Workspace\\npm-library\\ac-storage\\src\\features\\storage\\errors.ts": {"path":"D:\\Workspace\\npm-library\\ac-storage\\src\\features\\storage\\errors.ts","statementMap":{"0":{"start":{"line":3,"column":8},"end":{"line":3,"column":23}},"1":{"start":{"line":4,"column":8},"end":{"line":4,"column":35}},"2":{"start":{"line":1,"column":0},"end":{"line":1,"column":13}}},"fnMap":{"0":{"name":"(anonymous_0)","decl":{"start":{"line":2,"column":4},"end":{"line":2,"column":16}},"loc":{"start":{"line":2,"column":30},"end":{"line":5,"column":5}}}},"branchMap":{},"s":{"0":0,"1":0,"2":1},"f":{"0":0},"b":{}}
,"D:\\Workspace\\npm-library\\ac-storage\\src\\features\\storage\\index.ts": {"path":"D:\\Workspace\\npm-library\\ac-storage\\src\\features\\storage\\index.ts","statementMap":{"0":{"start":{"line":2,"column":0},"end":{"line":2,"column":9}},"1":{"start":{"line":2,"column":9},"end":{"line":2,"column":29}},"2":{"start":{"line":3,"column":0},"end":{"line":3,"column":9}},"3":{"start":{"line":3,"column":9},"end":{"line":3,"column":32}},"4":{"start":{"line":4,"column":0},"end":{"line":4,"column":null}},"5":{"start":{"line":5,"column":4},"end":{"line":5,"column":null}}},"fnMap":{"0":{"name":"(anonymous_0)","decl":{"start":{"line":2,"column":9},"end":{"line":2,"column":16}},"loc":{"start":{"line":2,"column":9},"end":{"line":2,"column":29}}},"1":{"name":"(anonymous_1)","decl":{"start":{"line":3,"column":9},"end":{"line":3,"column":16}},"loc":{"start":{"line":3,"column":9},"end":{"line":3,"column":32}}},"2":{"name":"(anonymous_2)","decl":{"start":{"line":5,"column":4},"end":{"line":5,"column":16}},"loc":{"start":{"line":5,"column":4},"end":{"line":5,"column":null}}}},"branchMap":{},"s":{"0":1,"1":2,"2":1,"3":1,"4":1,"5":1},"f":{"0":1,"1":0,"2":0},"b":{}}
}
