TN:
SF:src\data\test.ts
FNF:0
FNH:0
DA:1,1
DA:3,1
LF:2
LH:2
BRF:0
BRH:0
end_of_record
TN:
SF:src\errors\AccessorManagerError.ts
FN:2,(anonymous_0)
FNF:1
FNH:0
FNDA:0,(anonymous_0)
DA:3,0
DA:4,0
DA:8,1
LF:3
LH:1
BRF:0
BRH:0
end_of_record
TN:
SF:src\errors\index.ts
FN:1,(anonymous_0)
FNF:1
FNH:0
FNDA:0,(anonymous_0)
DA:1,1
LF:1
LH:1
BRF:0
BRH:0
end_of_record
TN:
SF:src\features\StorageAccess\StorageAccess.ts
FN:6,(anonymous_0)
FN:7,(anonymous_1)
FN:8,(anonymous_2)
FN:9,(anonymous_3)
FN:12,(anonymous_4)
FN:15,(anonymous_5)
FN:16,(anonymous_6)
FNF:7
FNH:1
FNDA:0,(anonymous_0)
FNDA:0,(anonymous_1)
FNDA:0,(anonymous_2)
FNDA:1,(anonymous_3)
FNDA:0,(anonymous_4)
FNDA:0,(anonymous_5)
FNDA:0,(anonymous_6)
DA:3,1
DA:6,0
DA:7,0
DA:8,0
DA:10,1
DA:13,0
DA:16,0
DA:20,1
LF:8
LH:3
BRF:0
BRH:0
end_of_record
TN:
SF:src\features\StorageAccess\index.ts
FNF:0
FNH:0
DA:1,1
DA:4,1
LF:2
LH:2
BRF:0
BRH:0
end_of_record
TN:
SF:src\features\StorageAccessControl\StorageAccessControl.ts
FN:14,(anonymous_0)
FN:19,(anonymous_1)
FN:24,(anonymous_2)
FN:35,(anonymous_3)
FN:46,(anonymous_4)
FN:69,(anonymous_5)
FN:73,(anonymous_6)
FN:95,(anonymous_7)
FN:107,(anonymous_8)
FN:113,(anonymous_9)
FN:114,(anonymous_10)
FN:131,(anonymous_11)
FN:139,(anonymous_12)
FN:146,(anonymous_13)
FN:159,(anonymous_14)
FN:191,(anonymous_15)
FNF:16
FNH:11
FNDA:1,(anonymous_0)
FNDA:1,(anonymous_1)
FNDA:0,(anonymous_2)
FNDA:1,(anonymous_3)
FNDA:1,(anonymous_4)
FNDA:3,(anonymous_5)
FNDA:3,(anonymous_6)
FNDA:0,(anonymous_7)
FNDA:1,(anonymous_8)
FNDA:0,(anonymous_9)
FNDA:0,(anonymous_10)
FNDA:0,(anonymous_11)
FNDA:1,(anonymous_12)
FNDA:3,(anonymous_13)
FNDA:3,(anonymous_14)
FNDA:2,(anonymous_15)
DA:3,1
DA:7,1
DA:11,1
DA:15,1
DA:16,1
DA:20,1
DA:21,1
DA:25,0
DA:26,0
DA:28,0
DA:29,0
DA:32,0
DA:36,1
DA:37,1
DA:39,1
DA:40,0
DA:43,1
DA:47,1
DA:49,1
DA:53,3
DA:54,3
DA:55,0
DA:57,3
DA:58,0
DA:61,3
DA:64,3
DA:65,3
DA:67,3
DA:68,3
DA:69,3
DA:70,3
DA:71,3
DA:73,3
DA:74,3
DA:76,3
DA:77,3
DA:78,0
DA:79,0
DA:81,0
DA:85,0
DA:87,3
DA:89,3
DA:90,3
DA:92,3
DA:96,0
DA:97,0
DA:98,0
DA:101,0
DA:102,0
DA:104,0
DA:108,1
DA:110,1
DA:114,0
DA:115,0
DA:121,0
DA:123,0
DA:124,0
DA:126,0
DA:127,0
DA:130,0
DA:131,0
DA:134,0
DA:140,1
DA:141,1
DA:142,0
DA:147,3
DA:148,3
DA:149,0
DA:151,3
DA:160,3
DA:161,0
DA:166,3
DA:167,3
DA:168,3
DA:170,0
DA:171,0
DA:174,0
DA:178,0
DA:179,0
DA:180,0
DA:182,0
DA:183,0
DA:186,0
DA:189,0
DA:192,2
DA:196,1
LF:86
LH:45
BRDA:28,0,0,0
BRDA:39,1,0,0
BRDA:52,2,0,1
BRDA:54,3,0,0
BRDA:57,4,0,0
BRDA:57,5,0,3
BRDA:57,5,1,1
BRDA:71,6,0,3
BRDA:71,6,1,0
BRDA:97,7,0,0
BRDA:101,8,0,0
BRDA:116,9,0,0
BRDA:116,9,1,0
BRDA:123,10,0,0
BRDA:123,10,1,0
BRDA:126,11,0,0
BRDA:126,11,1,0
BRDA:130,12,0,0
BRDA:130,12,1,0
BRDA:141,13,0,0
BRDA:141,14,0,1
BRDA:141,14,1,1
BRDA:148,15,0,0
BRDA:160,16,0,0
BRDA:160,16,1,3
BRDA:166,17,0,3
BRDA:166,17,1,0
BRDA:167,18,0,3
BRDA:167,18,1,0
BRDA:170,19,0,0
BRDA:170,19,1,0
BRDA:170,20,0,0
BRDA:170,20,1,0
BRDA:179,21,0,0
BRDA:179,21,1,0
BRDA:182,22,0,0
BRDA:182,23,0,0
BRDA:182,23,1,0
BRF:38
BRH:9
end_of_record
TN:
SF:src\features\StorageAccessControl\errors.ts
FN:4,(anonymous_0)
FN:11,(anonymous_1)
FN:18,(anonymous_2)
FN:25,(anonymous_3)
FN:32,(anonymous_4)
FNF:5
FNH:0
FNDA:0,(anonymous_0)
FNDA:0,(anonymous_1)
FNDA:0,(anonymous_2)
FNDA:0,(anonymous_3)
FNDA:0,(anonymous_4)
DA:1,1
DA:3,1
DA:5,0
DA:6,0
DA:10,1
DA:12,0
DA:13,0
DA:17,1
DA:19,0
DA:20,0
DA:24,1
DA:26,0
DA:27,0
DA:31,1
DA:33,0
DA:34,0
LF:16
LH:6
BRF:0
BRH:0
end_of_record
TN:
SF:src\features\StorageAccessControl\index.ts
FN:7,(anonymous_0)
FN:8,(anonymous_1)
FN:9,(anonymous_2)
FN:10,(anonymous_3)
FNF:4
FNH:0
FNDA:0,(anonymous_0)
FNDA:0,(anonymous_1)
FNDA:0,(anonymous_2)
FNDA:0,(anonymous_3)
DA:1,1
DA:6,1
DA:7,1
DA:8,1
DA:9,1
DA:10,1
DA:14,1
LF:7
LH:7
BRF:0
BRH:0
end_of_record
TN:
SF:src\features\accessors\errors.ts
FN:2,(anonymous_0)
FNF:1
FNH:0
FNDA:0,(anonymous_0)
DA:1,1
DA:3,0
DA:4,0
LF:3
LH:1
BRF:0
BRH:0
end_of_record
TN:
SF:src\features\accessors\index.ts
FN:4,(anonymous_0)
FN:5,(anonymous_1)
FN:5,(anonymous_2)
FN:5,(anonymous_3)
FN:6,(anonymous_4)
FN:6,(anonymous_5)
FN:6,(anonymous_6)
FN:7,(anonymous_7)
FN:15,(anonymous_8)
FN:16,(anonymous_9)
FNF:10
FNH:2
FNDA:2,(anonymous_0)
FNDA:0,(anonymous_1)
FNDA:0,(anonymous_2)
FNDA:0,(anonymous_3)
FNDA:0,(anonymous_4)
FNDA:0,(anonymous_5)
FNDA:0,(anonymous_6)
FNDA:0,(anonymous_7)
FNDA:1,(anonymous_8)
FNDA:0,(anonymous_9)
DA:4,3
DA:5,1
DA:6,1
DA:7,1
DA:14,1
DA:15,2
DA:16,1
LF:7
LH:7
BRF:0
BRH:0
end_of_record
TN:
SF:src\features\accessors\BinaryAccessor\BinaryAccessor.ts
FN:10,(anonymous_0)
FN:14,(anonymous_1)
FN:17,(anonymous_2)
FN:22,(anonymous_3)
FN:32,(anonymous_4)
FN:38,(anonymous_5)
FN:44,(anonymous_6)
FN:51,(anonymous_7)
FN:56,(anonymous_8)
FNF:9
FNH:0
FNDA:0,(anonymous_0)
FNDA:0,(anonymous_1)
FNDA:0,(anonymous_2)
FNDA:0,(anonymous_3)
FNDA:0,(anonymous_4)
FNDA:0,(anonymous_5)
FNDA:0,(anonymous_6)
FNDA:0,(anonymous_7)
FNDA:0,(anonymous_8)
DA:1,1
DA:2,1
DA:4,1
DA:8,0
DA:11,0
DA:15,0
DA:18,0
DA:20,0
DA:23,0
DA:25,0
DA:26,0
DA:29,0
DA:33,0
DA:35,0
DA:36,0
DA:39,0
DA:41,0
DA:42,0
DA:45,0
DA:47,0
DA:48,0
DA:52,0
DA:57,0
DA:60,0
DA:61,0
DA:67,1
LF:26
LH:4
BRDA:25,0,0,0
BRDA:25,0,1,0
BRDA:47,1,0,0
BRDA:60,2,0,0
BRF:4
BRH:0
end_of_record
TN:
SF:src\features\accessors\BinaryAccessor\BinaryAccessorManager.ts
FN:11,(anonymous_0)
FN:15,(anonymous_1)
FN:19,(anonymous_2)
FN:23,(anonymous_3)
FN:26,(anonymous_4)
FN:29,(anonymous_5)
FN:32,(anonymous_6)
FN:38,(anonymous_7)
FN:46,(anonymous_8)
FN:50,(anonymous_9)
FN:53,(anonymous_10)
FN:56,(anonymous_11)
FNF:12
FNH:0
FNDA:0,(anonymous_0)
FNDA:0,(anonymous_1)
FNDA:0,(anonymous_2)
FNDA:0,(anonymous_3)
FNDA:0,(anonymous_4)
FNDA:0,(anonymous_5)
FNDA:0,(anonymous_6)
FNDA:0,(anonymous_7)
FNDA:0,(anonymous_8)
FNDA:0,(anonymous_9)
FNDA:0,(anonymous_10)
FNDA:0,(anonymous_11)
DA:1,1
DA:4,1
DA:8,0
DA:9,0
DA:12,0
DA:16,0
DA:20,0
DA:30,0
DA:33,0
DA:34,0
DA:36,0
DA:39,0
DA:40,0
DA:43,0
DA:47,0
DA:51,0
DA:54,0
DA:57,0
DA:61,1
LF:19
LH:3
BRDA:39,0,0,0
BRF:1
BRH:0
end_of_record
TN:
SF:src\features\accessors\BinaryAccessor\MemBinaryAccessor.ts
FN:7,(anonymous_0)
FN:10,(anonymous_1)
FN:13,(anonymous_2)
FN:16,(anonymous_3)
FN:20,(anonymous_4)
FN:25,(anonymous_5)
FN:26,(anonymous_6)
FN:27,(anonymous_7)
FNF:8
FNH:0
FNDA:0,(anonymous_0)
FNDA:0,(anonymous_1)
FNDA:0,(anonymous_2)
FNDA:0,(anonymous_3)
FNDA:0,(anonymous_4)
FNDA:0,(anonymous_5)
FNDA:0,(anonymous_6)
FNDA:0,(anonymous_7)
DA:4,0
DA:5,0
DA:8,0
DA:11,0
DA:14,0
DA:17,0
DA:18,0
DA:21,0
DA:22,0
DA:26,0
DA:27,0
DA:30,1
LF:12
LH:1
BRF:0
BRH:0
end_of_record
TN:
SF:src\features\accessors\BinaryAccessor\index.ts
FN:1,(anonymous_0)
FN:2,(anonymous_1)
FN:3,(anonymous_2)
FNF:3
FNH:0
FNDA:0,(anonymous_0)
FNDA:0,(anonymous_1)
FNDA:0,(anonymous_2)
DA:1,1
DA:2,1
DA:3,1
LF:3
LH:3
BRF:0
BRH:0
end_of_record
TN:
SF:src\features\accessors\CustomAccessor\CustomAccessorManager.ts
FN:22,(anonymous_0)
FN:26,(anonymous_1)
FN:35,(anonymous_2)
FN:43,(anonymous_3)
FN:47,(anonymous_4)
FN:50,(anonymous_5)
FN:59,(anonymous_6)
FN:72,(anonymous_7)
FN:81,(anonymous_8)
FN:96,(anonymous_9)
FN:102,(anonymous_10)
FN:105,(anonymous_11)
FNF:12
FNH:0
FNDA:0,(anonymous_0)
FNDA:0,(anonymous_1)
FNDA:0,(anonymous_2)
FNDA:0,(anonymous_3)
FNDA:0,(anonymous_4)
FNDA:0,(anonymous_5)
FNDA:0,(anonymous_6)
FNDA:0,(anonymous_7)
FNDA:0,(anonymous_8)
FNDA:0,(anonymous_9)
FNDA:0,(anonymous_10)
FNDA:0,(anonymous_11)
DA:3,1
DA:17,0
DA:18,0
DA:23,0
DA:27,0
DA:28,0
DA:29,0
DA:30,0
DA:31,0
DA:32,0
DA:36,0
DA:37,0
DA:40,0
DA:44,0
DA:48,0
DA:51,0
DA:52,0
DA:55,0
DA:60,0
DA:61,0
DA:63,0
DA:64,0
DA:67,0
DA:70,0
DA:73,0
DA:74,0
DA:77,0
DA:82,0
DA:83,0
DA:85,0
DA:86,0
DA:88,0
DA:89,0
DA:92,0
DA:97,0
DA:98,0
DA:100,0
DA:103,0
DA:106,0
DA:110,1
LF:40
LH:2
BRDA:36,0,0,0
BRDA:44,1,0,0
BRDA:48,2,0,0
BRDA:51,3,0,0
BRDA:51,3,1,0
BRDA:60,4,0,0
BRDA:60,4,1,0
BRDA:63,5,0,0
BRDA:63,5,1,0
BRDA:73,6,0,0
BRDA:73,6,1,0
BRDA:82,7,0,0
BRDA:82,7,1,0
BRDA:85,8,0,0
BRDA:85,8,1,0
BRDA:88,9,0,0
BRDA:88,9,1,0
BRDA:97,10,0,0
BRDA:98,11,0,0
BRDA:103,12,0,0
BRF:20
BRH:0
end_of_record
TN:
SF:src\features\accessors\CustomAccessor\index.ts
FN:2,(anonymous_0)
FNF:1
FNH:0
FNDA:0,(anonymous_0)
DA:2,1
LF:1
LH:1
BRF:0
BRH:0
end_of_record
TN:
SF:src\features\accessors\JSONAccessor\JSONAccessorManager.ts
FN:14,(anonymous_0)
FN:18,(anonymous_1)
FN:22,(anonymous_2)
FN:26,(anonymous_3)
FN:29,(anonymous_4)
FN:32,(anonymous_5)
FN:35,(anonymous_6)
FN:41,(anonymous_7)
FN:49,(anonymous_8)
FN:92,(anonymous_9)
FN:95,(anonymous_10)
FN:98,(anonymous_11)
FNF:12
FNH:10
FNDA:2,(anonymous_0)
FNDA:0,(anonymous_1)
FNDA:2,(anonymous_2)
FNDA:2,(anonymous_3)
FNDA:0,(anonymous_4)
FNDA:2,(anonymous_5)
FNDA:1,(anonymous_6)
FNDA:1,(anonymous_7)
FNDA:1,(anonymous_8)
FNDA:2,(anonymous_9)
FNDA:2,(anonymous_10)
FNDA:7,(anonymous_11)
DA:1,1
DA:11,2
DA:12,2
DA:15,2
DA:19,0
DA:23,2
DA:30,0
DA:33,2
DA:36,1
DA:37,1
DA:39,1
DA:42,1
DA:43,0
DA:46,1
DA:50,1
DA:51,0
DA:54,1
DA:58,8
DA:59,1
DA:61,7
DA:62,0
DA:64,7
DA:65,0
DA:67,7
DA:68,3
DA:69,3
DA:70,3
DA:71,0
DA:73,3
DA:74,7
DA:75,7
DA:77,7
DA:78,0
DA:80,7
DA:81,0
DA:83,7
DA:84,0
DA:87,3
DA:89,4
DA:93,2
DA:96,2
DA:99,7
DA:103,1
LF:43
LH:33
BRDA:42,0,0,0
BRDA:50,1,0,0
BRDA:58,2,0,1
BRDA:58,2,1,7
BRDA:58,3,0,8
BRDA:58,3,1,1
BRDA:61,4,0,0
BRDA:61,4,1,7
BRDA:61,5,0,7
BRDA:61,5,1,7
BRDA:64,6,0,0
BRDA:64,6,1,7
BRDA:67,7,0,3
BRDA:70,8,0,0
BRDA:77,9,0,0
BRDA:77,9,1,7
BRDA:80,10,0,0
BRDA:80,10,1,7
BRDA:83,11,0,0
BRF:19
BRH:11
end_of_record
TN:
SF:src\features\accessors\JSONAccessor\index.ts
FN:1,(anonymous_0)
FNF:1
FNH:1
FNDA:2,(anonymous_0)
DA:1,3
LF:1
LH:1
BRF:0
BRH:0
end_of_record
TN:
SF:src\features\accessors\MetaAccessor\DirectoryAccessor.ts
FN:7,(anonymous_0)
FN:11,(anonymous_1)
FN:17,(anonymous_2)
FN:29,(anonymous_3)
FN:33,(anonymous_4)
FN:37,(anonymous_5)
FNF:6
FNH:0
FNDA:0,(anonymous_0)
FNDA:0,(anonymous_1)
FNDA:0,(anonymous_2)
FNDA:0,(anonymous_3)
FNDA:0,(anonymous_4)
FNDA:0,(anonymous_5)
DA:1,1
DA:8,0
DA:12,0
DA:13,0
DA:18,0
DA:19,0
DA:21,0
DA:22,0
DA:25,0
DA:30,0
DA:34,0
DA:38,0
DA:39,0
DA:47,1
LF:14
LH:2
BRDA:12,0,0,0
BRDA:19,1,0,0
BRF:2
BRH:0
end_of_record
TN:
SF:src\features\accessors\MetaAccessor\DirectoryAccessorManager.ts
FN:14,(anonymous_0)
FN:18,(anonymous_1)
FN:22,(anonymous_2)
FN:27,(anonymous_3)
FN:30,(anonymous_4)
FN:33,(anonymous_5)
FN:36,(anonymous_6)
FN:42,(anonymous_7)
FN:46,(anonymous_8)
FN:54,(anonymous_9)
FN:57,(anonymous_10)
FN:60,(anonymous_11)
FNF:12
FNH:0
FNDA:0,(anonymous_0)
FNDA:0,(anonymous_1)
FNDA:0,(anonymous_2)
FNDA:0,(anonymous_3)
FNDA:0,(anonymous_4)
FNDA:0,(anonymous_5)
FNDA:0,(anonymous_6)
FNDA:0,(anonymous_7)
FNDA:0,(anonymous_8)
FNDA:0,(anonymous_9)
FNDA:0,(anonymous_10)
FNDA:0,(anonymous_11)
DA:1,1
DA:4,1
DA:5,1
DA:10,0
DA:11,0
DA:12,0
DA:15,0
DA:19,0
DA:23,0
DA:24,0
DA:28,0
DA:34,0
DA:37,0
DA:38,0
DA:40,0
DA:43,0
DA:47,0
DA:48,0
DA:49,0
DA:51,0
DA:55,0
DA:61,0
DA:65,1
LF:23
LH:4
BRDA:22,0,0,0
BRDA:47,1,0,0
BRF:2
BRH:0
end_of_record
TN:
SF:src\features\accessors\MetaAccessor\MemDirectoryAccessor.ts
FN:6,(anonymous_0)
FN:10,(anonymous_1)
FN:11,(anonymous_2)
FN:14,(anonymous_3)
FN:15,(anonymous_4)
FN:16,(anonymous_5)
FNF:6
FNH:0
FNDA:0,(anonymous_0)
FNDA:0,(anonymous_1)
FNDA:0,(anonymous_2)
FNDA:0,(anonymous_3)
FNDA:0,(anonymous_4)
FNDA:0,(anonymous_5)
DA:12,0
DA:19,1
LF:2
LH:1
BRF:0
BRH:0
end_of_record
TN:
SF:src\features\accessors\MetaAccessor\RootAccessorManager.ts
FN:9,(anonymous_0)
FN:13,(anonymous_1)
FN:15,(anonymous_2)
FN:16,(anonymous_3)
FN:17,(anonymous_4)
FN:18,(anonymous_5)
FN:19,(anonymous_6)
FN:21,(anonymous_7)
FN:22,(anonymous_8)
FN:23,(anonymous_9)
FN:24,(anonymous_10)
FNF:11
FNH:4
FNDA:1,(anonymous_0)
FNDA:1,(anonymous_1)
FNDA:0,(anonymous_2)
FNDA:0,(anonymous_3)
FNDA:0,(anonymous_4)
FNDA:0,(anonymous_5)
FNDA:0,(anonymous_6)
FNDA:0,(anonymous_7)
FNDA:0,(anonymous_8)
FNDA:2,(anonymous_9)
FNDA:2,(anonymous_10)
DA:4,1
DA:5,1
DA:6,1
DA:7,1
DA:10,1
DA:17,0
DA:21,0
DA:24,2
DA:27,1
LF:9
LH:7
BRF:0
BRH:0
end_of_record
TN:
SF:src\features\accessors\MetaAccessor\index.ts
FN:1,(anonymous_0)
FN:2,(anonymous_1)
FN:3,(anonymous_2)
FNF:3
FNH:1
FNDA:1,(anonymous_0)
FNDA:0,(anonymous_1)
FNDA:0,(anonymous_2)
DA:1,2
DA:2,1
DA:3,1
LF:3
LH:3
BRF:0
BRH:0
end_of_record
TN:
SF:src\features\accessors\TextAccessor\MemTextAccessor.ts
FN:8,(anonymous_0)
FN:11,(anonymous_1)
FN:14,(anonymous_2)
FN:17,(anonymous_3)
FN:21,(anonymous_4)
FN:22,(anonymous_5)
FN:23,(anonymous_6)
FNF:7
FNH:0
FNDA:0,(anonymous_0)
FNDA:0,(anonymous_1)
FNDA:0,(anonymous_2)
FNDA:0,(anonymous_3)
FNDA:0,(anonymous_4)
FNDA:0,(anonymous_5)
FNDA:0,(anonymous_6)
DA:5,0
DA:6,0
DA:9,0
DA:12,0
DA:15,0
DA:18,0
DA:22,0
DA:23,0
DA:26,1
LF:9
LH:1
BRF:0
BRH:0
end_of_record
TN:
SF:src\features\accessors\TextAccessor\TextAccessor.ts
FN:10,(anonymous_0)
FN:14,(anonymous_1)
FN:20,(anonymous_2)
FN:24,(anonymous_3)
FN:28,(anonymous_4)
FN:39,(anonymous_5)
FN:47,(anonymous_6)
FN:53,(anonymous_7)
FNF:8
FNH:0
FNDA:0,(anonymous_0)
FNDA:0,(anonymous_1)
FNDA:0,(anonymous_2)
FNDA:0,(anonymous_3)
FNDA:0,(anonymous_4)
FNDA:0,(anonymous_5)
FNDA:0,(anonymous_6)
FNDA:0,(anonymous_7)
DA:1,1
DA:2,1
DA:4,1
DA:8,0
DA:11,0
DA:15,0
DA:21,0
DA:22,0
DA:25,0
DA:26,0
DA:29,0
DA:31,0
DA:32,0
DA:35,0
DA:40,0
DA:42,0
DA:43,0
DA:48,0
DA:50,0
DA:51,0
DA:54,0
DA:57,0
DA:58,0
DA:63,1
LF:24
LH:4
BRDA:16,0,0,0
BRDA:16,0,1,0
BRDA:31,1,0,0
BRDA:31,1,1,0
BRDA:42,2,0,0
BRDA:48,3,0,0
BRDA:57,4,0,0
BRF:7
BRH:0
end_of_record
TN:
SF:src\features\accessors\TextAccessor\TextAccessorManager.ts
FN:11,(anonymous_0)
FN:15,(anonymous_1)
FN:19,(anonymous_2)
FN:23,(anonymous_3)
FN:26,(anonymous_4)
FN:29,(anonymous_5)
FN:33,(anonymous_6)
FN:39,(anonymous_7)
FN:46,(anonymous_8)
FN:50,(anonymous_9)
FN:53,(anonymous_10)
FN:56,(anonymous_11)
FNF:12
FNH:0
FNDA:0,(anonymous_0)
FNDA:0,(anonymous_1)
FNDA:0,(anonymous_2)
FNDA:0,(anonymous_3)
FNDA:0,(anonymous_4)
FNDA:0,(anonymous_5)
FNDA:0,(anonymous_6)
FNDA:0,(anonymous_7)
FNDA:0,(anonymous_8)
FNDA:0,(anonymous_9)
FNDA:0,(anonymous_10)
FNDA:0,(anonymous_11)
DA:1,1
DA:2,1
DA:8,0
DA:9,0
DA:12,0
DA:16,0
DA:20,0
DA:30,0
DA:34,0
DA:35,0
DA:37,0
DA:40,0
DA:41,0
DA:43,0
DA:47,0
DA:51,0
DA:54,0
DA:57,0
DA:61,1
LF:19
LH:3
BRDA:40,0,0,0
BRF:1
BRH:0
end_of_record
TN:
SF:src\features\accessors\TextAccessor\index.ts
FN:1,(anonymous_0)
FN:2,(anonymous_1)
FN:3,(anonymous_2)
FNF:3
FNH:0
FNDA:0,(anonymous_0)
FNDA:0,(anonymous_1)
FNDA:0,(anonymous_2)
DA:1,1
DA:2,1
DA:3,1
LF:3
LH:3
BRF:0
BRH:0
end_of_record
TN:
SF:src\features\storage\ACStorage.ts
FN:42,(anonymous_0)
FN:56,(anonymous_1)
FN:67,(anonymous_2)
FN:73,(anonymous_3)
FN:74,(anonymous_4)
FN:122,(anonymous_5)
FN:137,(anonymous_6)
FN:152,(anonymous_7)
FN:163,(anonymous_8)
FN:167,(anonymous_9)
FN:171,(anonymous_10)
FN:180,(anonymous_11)
FN:183,(anonymous_12)
FN:186,(anonymous_13)
FN:189,(anonymous_14)
FN:192,(anonymous_15)
FN:197,(anonymous_16)
FN:203,(anonymous_17)
FN:240,(anonymous_18)
FN:248,(anonymous_19)
FN:252,(anonymous_20)
FN:256,(anonymous_21)
FN:262,(anonymous_22)
FNF:23
FNH:14
FNDA:1,(anonymous_0)
FNDA:1,(anonymous_1)
FNDA:2,(anonymous_2)
FNDA:1,(anonymous_3)
FNDA:3,(anonymous_4)
FNDA:3,(anonymous_5)
FNDA:3,(anonymous_6)
FNDA:0,(anonymous_7)
FNDA:1,(anonymous_8)
FNDA:0,(anonymous_9)
FNDA:0,(anonymous_10)
FNDA:1,(anonymous_11)
FNDA:1,(anonymous_12)
FNDA:0,(anonymous_13)
FNDA:0,(anonymous_14)
FNDA:0,(anonymous_15)
FNDA:1,(anonymous_16)
FNDA:1,(anonymous_17)
FNDA:0,(anonymous_18)
FNDA:0,(anonymous_19)
FNDA:1,(anonymous_20)
FNDA:2,(anonymous_21)
FNDA:0,(anonymous_22)
DA:1,1
DA:2,1
DA:5,1
DA:6,1
DA:9,1
DA:14,1
DA:15,1
DA:29,1
DA:36,1
DA:37,1
DA:40,1
DA:43,1
DA:44,1
DA:46,1
DA:47,1
DA:49,1
DA:51,1
DA:53,1
DA:57,1
DA:58,1
DA:60,0
DA:68,2
DA:70,2
DA:74,1
DA:75,3
DA:76,3
DA:78,3
DA:79,3
DA:80,1
DA:84,2
DA:86,0
DA:87,0
DA:89,2
DA:90,2
DA:92,0
DA:93,0
DA:95,0
DA:96,0
DA:98,0
DA:99,0
DA:100,0
DA:102,0
DA:103,0
DA:109,0
DA:112,0
DA:113,0
DA:115,2
DA:116,0
DA:118,2
DA:119,2
DA:120,2
DA:122,1
DA:123,3
DA:124,3
DA:126,3
DA:127,2
DA:129,2
DA:130,2
DA:132,2
DA:134,1
DA:135,1
DA:137,1
DA:138,3
DA:140,3
DA:141,3
DA:145,1
DA:153,0
DA:155,0
DA:156,0
DA:158,0
DA:159,0
DA:164,1
DA:168,0
DA:172,0
DA:173,0
DA:174,0
DA:177,0
DA:181,1
DA:184,1
DA:187,0
DA:190,0
DA:193,0
DA:195,0
DA:198,1
DA:200,1
DA:217,1
DA:218,1
DA:220,1
DA:221,0
DA:222,0
DA:224,0
DA:225,0
DA:227,0
DA:230,0
DA:233,1
DA:234,0
DA:237,1
DA:241,0
DA:242,0
DA:245,0
DA:249,0
DA:253,1
DA:257,2
DA:259,2
DA:263,0
DA:267,5
DA:268,5
DA:270,5
DA:271,3
DA:274,5
DA:278,1
LF:111
LH:69
BRDA:42,0,0,1
BRDA:46,1,0,1
BRDA:46,1,1,1
BRDA:47,2,0,1
BRDA:47,2,1,1
BRDA:53,3,0,1
BRDA:79,4,0,1
BRDA:79,5,0,3
BRDA:79,5,1,1
BRDA:84,6,0,0
BRDA:84,6,1,2
BRDA:84,6,2,0
BRDA:84,6,3,0
BRDA:84,6,4,0
BRDA:84,6,5,0
BRDA:99,7,0,0
BRDA:115,8,0,2
BRDA:115,8,1,0
BRDA:118,9,0,2
BRDA:118,9,1,0
BRDA:124,10,0,0
BRDA:129,11,0,0
BRDA:132,12,0,1
BRDA:140,13,0,3
BRDA:153,14,0,0
BRDA:153,14,1,0
BRDA:173,15,0,0
BRDA:173,16,0,0
BRDA:173,16,1,0
BRDA:220,17,0,0
BRDA:220,17,1,1
BRDA:221,18,0,0
BRDA:221,18,1,0
BRDA:224,19,0,0
BRDA:233,20,0,0
BRDA:233,21,0,1
BRDA:233,21,1,0
BRDA:241,22,0,0
BRDA:256,23,0,2
BRDA:259,24,0,2
BRDA:268,25,0,0
BRDA:274,26,0,4
BRF:42
BRH:19
end_of_record
TN:
SF:src\features\storage\ACSubStorage.ts
FN:9,(anonymous_0)
FN:14,(anonymous_1)
FN:18,(anonymous_2)
FN:21,(anonymous_3)
FN:24,(anonymous_4)
FN:27,(anonymous_5)
FN:30,(anonymous_6)
FN:33,(anonymous_7)
FN:37,(anonymous_8)
FN:41,(anonymous_9)
FN:45,(anonymous_10)
FN:49,(anonymous_11)
FN:53,(anonymous_12)
FNF:13
FNH:0
FNDA:0,(anonymous_0)
FNDA:0,(anonymous_1)
FNDA:0,(anonymous_2)
FNDA:0,(anonymous_3)
FNDA:0,(anonymous_4)
FNDA:0,(anonymous_5)
FNDA:0,(anonymous_6)
FNDA:0,(anonymous_7)
FNDA:0,(anonymous_8)
FNDA:0,(anonymous_9)
FNDA:0,(anonymous_10)
FNDA:0,(anonymous_11)
FNDA:0,(anonymous_12)
DA:10,0
DA:11,0
DA:15,0
DA:19,0
DA:22,0
DA:25,0
DA:28,0
DA:31,0
DA:34,0
DA:38,0
DA:42,0
DA:46,0
DA:50,0
DA:54,0
DA:58,1
LF:15
LH:1
BRDA:49,0,0,0
BRF:1
BRH:0
end_of_record
TN:
SF:src\features\storage\MemACStorage.ts
FN:8,(anonymous_0)
FN:12,(anonymous_1)
FN:13,(anonymous_2)
FN:60,(anonymous_3)
FN:75,(anonymous_4)
FNF:5
FNH:0
FNDA:0,(anonymous_0)
FNDA:0,(anonymous_1)
FNDA:0,(anonymous_2)
FNDA:0,(anonymous_3)
FNDA:0,(anonymous_4)
DA:1,1
DA:3,1
DA:4,1
DA:5,1
DA:9,0
DA:13,0
DA:14,0
DA:16,0
DA:17,0
DA:18,0
DA:22,0
DA:24,0
DA:25,0
DA:27,0
DA:28,0
DA:30,0
DA:31,0
DA:33,0
DA:34,0
DA:36,0
DA:37,0
DA:38,0
DA:40,0
DA:41,0
DA:47,0
DA:50,0
DA:51,0
DA:53,0
DA:54,0
DA:56,0
DA:57,0
DA:58,0
DA:60,0
DA:61,0
DA:62,0
DA:64,0
DA:65,0
DA:67,0
DA:68,0
DA:70,0
DA:72,0
DA:73,0
DA:75,0
DA:76,0
DA:78,0
DA:79,0
DA:83,0
DA:91,1
LF:48
LH:5
BRDA:17,0,0,0
BRDA:17,1,0,0
BRDA:17,1,1,0
BRDA:22,2,0,0
BRDA:22,2,1,0
BRDA:22,2,2,0
BRDA:22,2,3,0
BRDA:22,2,4,0
BRDA:22,2,5,0
BRDA:37,3,0,0
BRDA:53,4,0,0
BRDA:53,4,1,0
BRDA:56,5,0,0
BRDA:56,5,1,0
BRDA:62,6,0,0
BRDA:67,7,0,0
BRDA:70,8,0,0
BRDA:78,9,0,0
BRF:18
BRH:0
end_of_record
TN:
SF:src\features\storage\errors.ts
FN:2,(anonymous_0)
FNF:1
FNH:0
FNDA:0,(anonymous_0)
DA:1,1
DA:3,0
DA:4,0
LF:3
LH:1
BRF:0
BRH:0
end_of_record
TN:
SF:src\features\storage\index.ts
FN:2,(anonymous_0)
FN:3,(anonymous_1)
FN:5,(anonymous_2)
FNF:3
FNH:1
FNDA:1,(anonymous_0)
FNDA:0,(anonymous_1)
FNDA:0,(anonymous_2)
DA:2,2
DA:3,1
DA:4,1
DA:5,1
LF:4
LH:4
BRF:0
BRH:0
end_of_record
